This is pdfTeX, Version 3.1415926-2.3-1.40.12 (MiKTeX 2.9 64-bit) (preloaded format=pdflatex 2011.11.13)  28 FEB 2014 11:21
entering extended mode
**C:/Users/stefano/Documents/GitHub/Paper_SynCoP2014/Paper.tex
(C:/Users/stefano/Documents/GitHub/Paper_SynCoP2014/Paper.tex
LaTeX2e <2011/06/27>
Babel <v3.8m> and hyphenation patterns for english, dutch, french, german, gree
k, italian, latin, loaded.
(C:\Users\stefano\Documents\GitHub\Paper_SynCoP2014\eptcs.cls
Document Class: eptcs 2010/11/26 v1.5
(C:\MiKTeX\tex\latex\base\article.cls
Document Class: article 2007/10/19 v1.4h Standard LaTeX document class
(C:\MiKTeX\tex\latex\base\size11.clo
File: size11.clo 2007/10/19 v1.4h Standard LaTeX file (size option)
)
\c@part=\count79
\c@section=\count80
\c@subsection=\count81
\c@subsubsection=\count82
\c@paragraph=\count83
\c@subparagraph=\count84
\c@figure=\count85
\c@table=\count86
\abovecaptionskip=\skip41
\belowcaptionskip=\skip42
\bibindent=\dimen102
)
(C:\MiKTeX\tex\latex\hyperref\hyperref.sty
Package: hyperref 2011/08/19 v6.82h Hypertext links for LaTeX

(C:\MiKTeX\tex\generic\oberdiek\hobsub-hyperref.sty
Package: hobsub-hyperref 2011/04/23 v1.4 Bundle oberdiek, subset hyperref (HO)

(C:\MiKTeX\tex\generic\oberdiek\hobsub-generic.sty
Package: hobsub-generic 2011/04/23 v1.4 Bundle oberdiek, subset generic (HO)
Package: hobsub 2011/04/23 v1.4 Subsetting bundle oberdiek (HO)
Package: infwarerr 2010/04/08 v1.3 Providing info/warning/message (HO)
Package: ltxcmds 2011/04/18 v1.20 LaTeX kernel commands for general use (HO)
Package: ifluatex 2010/03/01 v1.3 Provides the ifluatex switch (HO)
Package ifluatex Info: LuaTeX not detected.
Package: ifvtex 2010/03/01 v1.5 Switches for detecting VTeX and its modes (HO)
Package ifvtex Info: VTeX not detected.
Package: intcalc 2007/09/27 v1.1 Expandable integer calculations (HO)
Package: ifpdf 2011/01/30 v2.3 Provides the ifpdf switch (HO)
Package ifpdf Info: pdfTeX in PDF mode is detected.
Package: etexcmds 2011/02/16 v1.5 Prefix for e-TeX command names (HO)
Package etexcmds Info: Could not find \expanded.
(etexcmds)             That can mean that you are not using pdfTeX 1.50 or
(etexcmds)             that some package has redefined \expanded.
(etexcmds)             In the latter case, load this package earlier.
Package: kvsetkeys 2011/04/07 v1.13 Key value parser (HO)
Package: kvdefinekeys 2011/04/07 v1.3 Defining keys (HO)
Package: pdftexcmds 2011/04/22 v0.16 Utilities of pdfTeX for LuaTeX (HO)
Package pdftexcmds Info: LuaTeX not detected.
Package pdftexcmds Info: \pdf@primitive is available.
Package pdftexcmds Info: \pdf@ifprimitive is available.
Package pdftexcmds Info: \pdfdraftmode found.
Package: pdfescape 2011/04/04 v1.12 Provides string conversions (HO)
Package: bigintcalc 2011/01/30 v1.2 Expandable big integer calculations (HO)
Package: bitset 2011/01/30 v1.1 Data type bit set (HO)
Package: uniquecounter 2011/01/30 v1.2 Provides unlimited unique counter (HO)
)
Package hobsub Info: Skipping package `hobsub' (already loaded).
Package: letltxmacro 2010/09/02 v1.4 Let assignment for LaTeX macros (HO)
Package: hopatch 2011/01/30 v1.0 Wrapper for package hooks (HO)
Package: xcolor-patch 2011/01/30 xcolor patch
Package: atveryend 2011/04/23 v1.7 Hooks at very end of document (HO)
Package: atbegshi 2011/01/30 v1.15 At begin shipout hook (HO)
Package: refcount 2010/12/01 v3.2 Data extraction from references (HO)
Package: hycolor 2011/01/30 v1.7 Color options of hyperref/bookmark (HO)
)
(C:\MiKTeX\tex\latex\graphics\keyval.sty
Package: keyval 1999/03/16 v1.13 key=value parser (DPC)
\KV@toks@=\toks14
)
(C:\MiKTeX\tex\generic\ifxetex\ifxetex.sty
Package: ifxetex 2010/09/12 v0.6 Provides ifxetex conditional
)
(C:\MiKTeX\tex\latex\oberdiek\kvoptions.sty
Package: kvoptions 2010/12/23 v3.10 Keyval support for LaTeX options (HO)
)
\@linkdim=\dimen103
\Hy@linkcounter=\count87
\Hy@pagecounter=\count88

(C:\MiKTeX\tex\latex\hyperref\pd1enc.def
File: pd1enc.def 2011/08/19 v6.82h Hyperref: PDFDocEncoding definition (HO)
)
\Hy@SavedSpaceFactor=\count89

(C:\MiKTeX\tex\latex\00miktex\hyperref.cfg
File: hyperref.cfg 2002/06/06 v1.2 hyperref configuration of TeXLive
)
Package hyperref Info: Hyper figures OFF on input line 4053.
Package hyperref Info: Link nesting OFF on input line 4058.
Package hyperref Info: Hyper index ON on input line 4061.
Package hyperref Info: Plain pages OFF on input line 4068.
Package hyperref Info: Backreferencing OFF on input line 4073.
Package hyperref Info: Implicit mode ON; LaTeX internals redefined.
Package hyperref Info: Bookmarks ON on input line 4291.
\c@Hy@tempcnt=\count90

(C:\MiKTeX\tex\latex\ltxmisc\url.sty
\Urlmuskip=\muskip10
Package: url 2006/04/12  ver 3.3  Verb mode for urls, etc.
)
LaTeX Info: Redefining \url on input line 4644.
\Fld@menulength=\count91
\Field@Width=\dimen104
\Fld@charsize=\dimen105
Package hyperref Info: Hyper figures OFF on input line 5730.
Package hyperref Info: Link nesting OFF on input line 5735.
Package hyperref Info: Hyper index ON on input line 5738.
Package hyperref Info: backreferencing OFF on input line 5745.
Package hyperref Info: Link coloring OFF on input line 5750.
Package hyperref Info: Link coloring with OCG OFF on input line 5755.
Package hyperref Info: PDF/A mode OFF on input line 5760.
LaTeX Info: Redefining \ref on input line 5800.
LaTeX Info: Redefining \pageref on input line 5804.
\Hy@abspage=\count92
\c@Item=\count93
\c@Hfootnote=\count94
)

Package hyperref Message: Driver (autodetected): hpdftex.

(C:\MiKTeX\tex\latex\hyperref\hpdftex.def
File: hpdftex.def 2011/08/19 v6.82h Hyperref driver for pdfTeX
\Fld@listcount=\count95
\c@bookmark@seq@number=\count96

(C:\MiKTeX\tex\latex\oberdiek\rerunfilecheck.sty
Package: rerunfilecheck 2011/04/15 v1.7 Rerun checks for auxiliary files (HO)
Package uniquecounter Info: New unique counter `rerunfilecheck' on input line 2
82.
)
\Hy@SectionHShift=\skip43
)
(C:\MiKTeX\tex\latex\psnfss\mathptmx.sty
Package: mathptmx 2005/04/12 PSNFSS-v9.2a Times w/ Math, improved (SPQR, WaS) 
LaTeX Font Info:    Redeclaring symbol font `operators' on input line 28.
LaTeX Font Info:    Overwriting symbol font `operators' in version `normal'
(Font)                  OT1/cmr/m/n --> OT1/ztmcm/m/n on input line 28.
LaTeX Font Info:    Overwriting symbol font `operators' in version `bold'
(Font)                  OT1/cmr/bx/n --> OT1/ztmcm/m/n on input line 28.
LaTeX Font Info:    Redeclaring symbol font `letters' on input line 29.
LaTeX Font Info:    Overwriting symbol font `letters' in version `normal'
(Font)                  OML/cmm/m/it --> OML/ztmcm/m/it on input line 29.
LaTeX Font Info:    Overwriting symbol font `letters' in version `bold'
(Font)                  OML/cmm/b/it --> OML/ztmcm/m/it on input line 29.
LaTeX Font Info:    Redeclaring symbol font `symbols' on input line 30.
LaTeX Font Info:    Overwriting symbol font `symbols' in version `normal'
(Font)                  OMS/cmsy/m/n --> OMS/ztmcm/m/n on input line 30.
LaTeX Font Info:    Overwriting symbol font `symbols' in version `bold'
(Font)                  OMS/cmsy/b/n --> OMS/ztmcm/m/n on input line 30.
LaTeX Font Info:    Redeclaring symbol font `largesymbols' on input line 31.
LaTeX Font Info:    Overwriting symbol font `largesymbols' in version `normal'
(Font)                  OMX/cmex/m/n --> OMX/ztmcm/m/n on input line 31.
LaTeX Font Info:    Overwriting symbol font `largesymbols' in version `bold'
(Font)                  OMX/cmex/m/n --> OMX/ztmcm/m/n on input line 31.
\symbold=\mathgroup4
\symitalic=\mathgroup5
LaTeX Font Info:    Redeclaring math alphabet \mathbf on input line 34.
LaTeX Font Info:    Overwriting math alphabet `\mathbf' in version `normal'
(Font)                  OT1/cmr/bx/n --> OT1/ptm/bx/n on input line 34.
LaTeX Font Info:    Overwriting math alphabet `\mathbf' in version `bold'
(Font)                  OT1/cmr/bx/n --> OT1/ptm/bx/n on input line 34.
LaTeX Font Info:    Redeclaring math alphabet \mathit on input line 35.
LaTeX Font Info:    Overwriting math alphabet `\mathit' in version `normal'
(Font)                  OT1/cmr/m/it --> OT1/ptm/m/it on input line 35.
LaTeX Font Info:    Overwriting math alphabet `\mathit' in version `bold'
(Font)                  OT1/cmr/bx/it --> OT1/ptm/m/it on input line 35.
LaTeX Info: Redefining \hbar on input line 50.
)
\c@firstpage=\count97
)
(C:\Users\stefano\Documents\GitHub\Paper_SynCoP2014\breakurl.sty
Package: breakurl 2009/01/24 v1.30 Breakable hyperref URLs

(C:\MiKTeX\tex\latex\xkeyval\xkeyval.sty
Package: xkeyval 2008/08/13 v2.6a package option processing (HA)

(C:\MiKTeX\tex\generic\xkeyval\xkeyval.tex
\XKV@toks=\toks15
\XKV@tempa@toks=\toks16
\XKV@depth=\count98
File: xkeyval.tex 2008/08/13 v2.6a key=value parser (HA)
))

Package breakurl Warning: You are using breakurl while processing via pdflatex.

(breakurl)                \burl will be just a synonym of \url.
(breakurl)                 on input line 47.

) (C:\MiKTeX\tex\latex\graphics\graphicx.sty
Package: graphicx 1999/02/16 v1.0f Enhanced LaTeX Graphics (DPC,SPQR)

(C:\MiKTeX\tex\latex\graphics\graphics.sty
Package: graphics 2009/02/05 v1.0o Standard LaTeX Graphics (DPC,SPQR)

(C:\MiKTeX\tex\latex\graphics\trig.sty
Package: trig 1999/03/16 v1.09 sin cos tan (DPC)
)
(C:\MiKTeX\tex\latex\00miktex\graphics.cfg
File: graphics.cfg 2007/01/18 v1.5 graphics configuration of teTeX/TeXLive
)
Package graphics Info: Driver file: pdftex.def on input line 91.

(C:\MiKTeX\tex\latex\pdftex-def\pdftex.def
File: pdftex.def 2011/05/27 v0.06d Graphics/color for pdfTeX
\Gread@gobject=\count99
))
\Gin@req@height=\dimen106
\Gin@req@width=\dimen107
)
(C:\MiKTeX\tex\latex\amsfonts\amssymb.sty
Package: amssymb 2009/06/22 v3.00

(C:\MiKTeX\tex\latex\amsfonts\amsfonts.sty
Package: amsfonts 2009/06/22 v3.00 Basic AMSFonts support
\@emptytoks=\toks17
\symAMSa=\mathgroup6
\symAMSb=\mathgroup7
LaTeX Font Info:    Overwriting math alphabet `\mathfrak' in version `bold'
(Font)                  U/euf/m/n --> U/euf/b/n on input line 96.
))
(C:\MiKTeX\tex\latex\underscore\underscore.sty
Package: underscore 2006/09/13
LaTeX Info: Redefining \_ on input line 42.
)
(C:\MiKTeX\tex\latex\caption\caption.sty
Package: caption 2012/02/19 v3.2f Customizing captions (AR)

(C:\MiKTeX\tex\latex\caption\caption3.sty
Package: caption3 2012/01/12 v1.4b caption3 kernel (AR)
\captionmargin=\dimen108
\captionmargin@=\dimen109
\captionwidth=\dimen110
\caption@indent=\dimen111
\caption@parindent=\dimen112
\caption@hangindent=\dimen113
)
\c@ContinuedFloat=\count100
Package caption Info: hyperref package is loaded.
)
(C:\MiKTeX\tex\latex\subfig\subfig.sty
Package: subfig 2005/06/28 ver: 1.3 subfig package
\c@KVtest=\count101
\sf@farskip=\skip44
\sf@captopadj=\dimen114
\sf@capskip=\skip45
\sf@nearskip=\skip46
\c@subfigure=\count102
\c@subfigure@save=\count103
\c@lofdepth=\count104
\c@subtable=\count105
\c@subtable@save=\count106
\c@lotdepth=\count107
\sf@top=\skip47
\sf@bottom=\skip48
)
(C:\Users\stefano\Documents\GitHub\Paper_SynCoP2014\Paper.aux)
LaTeX Font Info:    Checking defaults for OML/cmm/m/it on input line 40.
LaTeX Font Info:    ... okay on input line 40.
LaTeX Font Info:    Checking defaults for T1/cmr/m/n on input line 40.
LaTeX Font Info:    ... okay on input line 40.
LaTeX Font Info:    Checking defaults for OT1/cmr/m/n on input line 40.
LaTeX Font Info:    ... okay on input line 40.
LaTeX Font Info:    Checking defaults for OMS/cmsy/m/n on input line 40.
LaTeX Font Info:    ... okay on input line 40.
LaTeX Font Info:    Checking defaults for OMX/cmex/m/n on input line 40.
LaTeX Font Info:    ... okay on input line 40.
LaTeX Font Info:    Checking defaults for U/cmr/m/n on input line 40.
LaTeX Font Info:    ... okay on input line 40.
LaTeX Font Info:    Checking defaults for PD1/pdf/m/n on input line 40.
LaTeX Font Info:    ... okay on input line 40.
LaTeX Font Info:    Try loading font information for OT1+ptm on input line 40.

(C:\MiKTeX\tex\latex\psnfss\ot1ptm.fd
File: ot1ptm.fd 2001/06/04 font definitions for OT1/ptm.
)
\AtBeginShipoutBox=\box26
Package hyperref Info: Link coloring OFF on input line 40.

(C:\MiKTeX\tex\latex\hyperref\nameref.sty
Package: nameref 2010/04/30 v2.40 Cross-referencing by name of section

(C:\MiKTeX\tex\generic\oberdiek\gettitlestring.sty
Package: gettitlestring 2010/12/03 v1.4 Cleanup title references (HO)
)
\c@section@level=\count108
)
LaTeX Info: Redefining \ref on input line 40.
LaTeX Info: Redefining \pageref on input line 40.
LaTeX Info: Redefining \nameref on input line 40.

(C:\Users\stefano\Documents\GitHub\Paper_SynCoP2014\Paper.out)
(C:\Users\stefano\Documents\GitHub\Paper_SynCoP2014\Paper.out)
\@outlinefile=\write3
\big@size=\dimen115

(C:\MiKTeX\tex\context\base\supp-pdf.mkii
[Loading MPS to PDF converter (version 2006.09.02).]
\scratchcounter=\count109
\scratchdimen=\dimen116
\scratchbox=\box27
\nofMPsegments=\count110
\nofMParguments=\count111
\everyMPshowfont=\toks18
\MPscratchCnt=\count112
\MPscratchDim=\dimen117
\MPnumerator=\count113
\makeMPintoPDFobject=\count114
\everyMPtoPDFconversion=\toks19
)
Package caption Info: Begin \AtBeginDocument code.
Package caption Info: subfig package v1.3 is loaded.
Package caption Info: End \AtBeginDocument code.
LaTeX Font Info:    Try loading font information for OT1+ztmcm on input line 42
.
 (C:\MiKTeX\tex\latex\psnfss\ot1ztmcm.fd
File: ot1ztmcm.fd 2000/01/03 Fontinst v1.801 font definitions for OT1/ztmcm.
)
LaTeX Font Info:    Try loading font information for OML+ztmcm on input line 42
.

(C:\MiKTeX\tex\latex\psnfss\omlztmcm.fd
File: omlztmcm.fd 2000/01/03 Fontinst v1.801 font definitions for OML/ztmcm.
)
LaTeX Font Info:    Try loading font information for OMS+ztmcm on input line 42
.

(C:\MiKTeX\tex\latex\psnfss\omsztmcm.fd
File: omsztmcm.fd 2000/01/03 Fontinst v1.801 font definitions for OMS/ztmcm.
)
LaTeX Font Info:    Try loading font information for OMX+ztmcm on input line 42
.

(C:\MiKTeX\tex\latex\psnfss\omxztmcm.fd
File: omxztmcm.fd 2000/01/03 Fontinst v1.801 font definitions for OMX/ztmcm.
)
LaTeX Font Info:    Font shape `OT1/ptm/bx/n' in size <9> not available
(Font)              Font shape `OT1/ptm/b/n' tried instead on input line 42.
LaTeX Font Info:    Font shape `OT1/ptm/bx/n' in size <7> not available
(Font)              Font shape `OT1/ptm/b/n' tried instead on input line 42.
LaTeX Font Info:    Font shape `OT1/ptm/bx/n' in size <5> not available
(Font)              Font shape `OT1/ptm/b/n' tried instead on input line 42.
LaTeX Font Info:    Try loading font information for OMS+ptm on input line 42.
 (C:\MiKTeX\tex\latex\psnfss\omsptm.fd
File: omsptm.fd 
)
LaTeX Font Info:    Font shape `OMS/ptm/m/n' in size <9> not available
(Font)              Font shape `OMS/cmsy/m/n' tried instead on input line 42.
LaTeX Font Info:    Font shape `OT1/ptm/bx/n' in size <17.28> not available
(Font)              Font shape `OT1/ptm/b/n' tried instead on input line 42.
LaTeX Font Info:    Font shape `OT1/ptm/bx/n' in size <12> not available
(Font)              Font shape `OT1/ptm/b/n' tried instead on input line 42.
LaTeX Font Info:    Font shape `OT1/ptm/bx/n' in size <8> not available
(Font)              Font shape `OT1/ptm/b/n' tried instead on input line 42.
LaTeX Font Info:    Font shape `OT1/ptm/bx/n' in size <6> not available
(Font)              Font shape `OT1/ptm/b/n' tried instead on input line 42.
LaTeX Font Info:    Try loading font information for OMS+cmtt on input line 42.

LaTeX Font Info:    No file OMScmtt.fd. on input line 42.

LaTeX Font Warning: Font shape `OMS/cmtt/m/n' undefined
(Font)              using `OMS/cmsy/m/n' instead
(Font)              for symbol `textbraceleft' on input line 42.

LaTeX Font Info:    Font shape `OT1/ptm/bx/n' in size <14.4> not available
(Font)              Font shape `OT1/ptm/b/n' tried instead on input line 81.
[1

{C:/ProgramData/MiKTeX/2.9/pdftex/config/pdftex.map}]
LaTeX Font Info:    Font shape `OT1/ptm/bx/n' in size <10.95> not available
(Font)              Font shape `OT1/ptm/b/n' tried instead on input line 111.

Overfull \hbox (3.51695pt too wide) in paragraph at lines 98--125
[]\OT1/ptm/m/n/10.95 Proteins are nor-mally ex-pressed at dif-fer-ent con-cen-t
ra-tions in dif-fer-ent in-di-vid-u-als of the same species,
 []

[2] <images/animo-ui.png, id=85, 994.71625pt x 870.25125pt>
File: images/animo-ui.png Graphic file (type png)

<use images/animo-ui.png>
Package pdftex.def Info: images/animo-ui.png used on input line 154.
(pdftex.def)             Requested size: 250.38562pt x 219.04951pt.

<images/animo-edge-ui.png, id=87, 455.7025pt x 501.875pt>
File: images/animo-edge-ui.png Graphic file (type png)

<use images/animo-edge-ui.png>
Package pdftex.def Info: images/animo-edge-ui.png used on input line 155.
(pdftex.def)             Requested size: 182.09485pt x 200.54733pt.
 [3 <C:/Users/stefano/Documents/GitHub/Paper_SynCoP2014/images/animo-ui.png> <C
:/Users/stefano/Documents/GitHub/Paper_SynCoP2014/images/animo-edge-ui.png>]
<images/feedback_params_netA.png, id=107, 642.4pt x 1170.3725pt>
File: images/feedback_params_netA.png Graphic file (type png)

<use images/feedback_params_netA.png>
Package pdftex.def Info: images/feedback_params_netA.png used on input line 208
.
(pdftex.def)             Requested size: 64.96912pt x 118.37341pt.

<images/feedback_params_graphA.png, id=108, 515.9275pt x 485.815pt>
File: images/feedback_params_graphA.png Graphic file (type png)

<use images/feedback_params_graphA.png>
Package pdftex.def Info: images/feedback_params_graphA.png used on input line 2
08.
(pdftex.def)             Requested size: 125.70663pt x 118.37341pt.

<images/feedback_params_netB.png, id=109, 642.4pt x 1170.3725pt>
File: images/feedback_params_netB.png Graphic file (type png)

<use images/feedback_params_netB.png>
Package pdftex.def Info: images/feedback_params_netB.png used on input line 209
.
(pdftex.def)             Requested size: 64.96912pt x 118.37341pt.

<images/feedback_params_graphB.png, id=110, 515.9275pt x 485.815pt>
File: images/feedback_params_graphB.png Graphic file (type png)

<use images/feedback_params_graphB.png>
Package pdftex.def Info: images/feedback_params_graphB.png used on input line 2
09.
(pdftex.def)             Requested size: 125.70663pt x 118.37341pt.

<images/feedback_params_netC.png, id=111, 642.4pt x 1170.3725pt>
File: images/feedback_params_netC.png Graphic file (type png)

<use images/feedback_params_netC.png>
Package pdftex.def Info: images/feedback_params_netC.png used on input line 210
.
(pdftex.def)             Requested size: 64.96912pt x 118.37341pt.

<images/feedback_params_graphC.png, id=112, 515.9275pt x 485.815pt>
File: images/feedback_params_graphC.png Graphic file (type png)

<use images/feedback_params_graphC.png>
Package pdftex.def Info: images/feedback_params_graphC.png used on input line 2
10.
(pdftex.def)             Requested size: 125.70663pt x 118.37341pt.

<images/feedback_params_netD.png, id=113, 642.4pt x 1170.3725pt>
File: images/feedback_params_netD.png Graphic file (type png)

<use images/feedback_params_netD.png>
Package pdftex.def Info: images/feedback_params_netD.png used on input line 211
.
(pdftex.def)             Requested size: 64.96912pt x 118.37341pt.

<images/feedback_params_graphD.png, id=114, 515.9275pt x 485.815pt>
File: images/feedback_params_graphD.png Graphic file (type png)

<use images/feedback_params_graphD.png>
Package pdftex.def Info: images/feedback_params_graphD.png used on input line 2
11.
(pdftex.def)             Requested size: 125.70663pt x 118.37341pt.

Overfull \hbox (10.10742pt too wide) in paragraph at lines 207--212
 [][] 
 []

<images/legenda_forme_e_colori.png, id=115, 1302.3054pt x 142.6128pt>
File: images/legenda_forme_e_colori.png Graphic file (type png)

<use images/legenda_forme_e_colori.png>
Package pdftex.def Info: images/legenda_forme_e_colori.png used on input line 2
13.
(pdftex.def)             Requested size: 364.19664pt x 39.88124pt.
 [4 <C:/Users/stefano/Documents/GitHub/Paper_SynCoP2014/images/feedback_params_
netA.png> <C:/Users/stefano/Documents/GitHub/Paper_SynCoP2014/images/feedback_p
arams_graphA.png (PNG copy)> <C:/Users/stefano/Documents/GitHub/Paper_SynCoP201
4/images/feedback_params_netB.png> <C:/Users/stefano/Documents/GitHub/Paper_Syn
CoP2014/images/feedback_params_graphB.png (PNG copy)> <C:/Users/stefano/Documen
ts/GitHub/Paper_SynCoP2014/images/feedback_params_netC.png> <C:/Users/stefano/D
ocuments/GitHub/Paper_SynCoP2014/images/feedback_params_graphC.png (PNG copy)> 
<C:/Users/stefano/Documents/GitHub/Paper_SynCoP2014/images/feedback_params_netD
.png> <C:/Users/stefano/Documents/GitHub/Paper_SynCoP2014/images/feedback_param
s_graphD.png (PNG copy)> <C:/Users/stefano/Documents/GitHub/Paper_SynCoP2014/im
ages/legenda_forme_e_colori.png>]
Overfull \hbox (5.0889pt too wide) in paragraph at lines 256--261
\OT1/ptm/m/n/10.95 count the abun-dance of sub-strate (what is be-ing changed b
y the in-ter-ac-tion): the ac-ti-va-tion/inhibition
 []


<images/difference_network_d-a_larger.png, id=129, 1068.99374pt x 878.28125pt>
File: images/difference_network_d-a_larger.png Graphic file (type png)

<use images/difference_network_d-a_larger.png>
Package pdftex.def Info: images/difference_network_d-a_larger.png used on input
 line 295.
(pdftex.def)             Requested size: 295.90587pt x 243.11617pt.
 [5] [6 <C:/Users/stefano/Documents/GitHub/Paper_SynCoP2014/images/difference_n
etwork_d-a_larger.png>] [7]
<images/parameter_sweep_results.png, id=165, 1082.0425pt x 698.61pt>
File: images/parameter_sweep_results.png Graphic file (type png)

<use images/parameter_sweep_results.png>
Package pdftex.def Info: images/parameter_sweep_results.png used on input line 
434.
(pdftex.def)             Requested size: 418.82372pt x 270.4101pt.
LaTeX Font Info:    Font shape `OT1/ptm/bx/n' in size <10> not available
(Font)              Font shape `OT1/ptm/b/n' tried instead on input line 448.
LaTeX Font Info:    Font shape `OT1/ptm/bx/n' in size <7.4> not available
(Font)              Font shape `OT1/ptm/b/n' tried instead on input line 448.
 [8 <C:/Users/stefano/Documents/GitHub/Paper_SynCoP2014/images/parameter_sweep_
results.png>]
<images/workflow.png, id=186, 2408.5182pt x 2686.035pt>
File: images/workflow.png Graphic file (type png)

<use images/workflow.png>
Package pdftex.def Info: images/workflow.png used on input line 506.
(pdftex.def)             Requested size: 409.71689pt x 456.90681pt.
 [9] [10 <C:/Users/stefano/Documents/GitHub/Paper_SynCoP2014/images/workflow.pn
g>]
(C:\Users\stefano\Documents\GitHub\Paper_SynCoP2014\Paper.bbl [11]
Underfull \hbox (badness 10000) in paragraph at lines 238--242
[]\OT1/ptm/m/n/10 Corrado Pri-ami (2009): \OT1/ptm/m/it/10 Al-go-rith-mic sys-t
ems bi-ol-ogy\OT1/ptm/m/n/10 .  \OT1/ptm/m/sl/10 Com-mun. ACM \OT1/ptm/m/n/10 5
2, pp. 80--88,
 []

[12]) [13]
\pages=\write4
Package atveryend Info: Empty hook `BeforeClearDocument' on input line 632.
Package atveryend Info: Empty hook `AfterLastShipout' on input line 632.
 (C:\Users\stefano\Documents\GitHub\Paper_SynCoP2014\Paper.aux)
Package atveryend Info: Executing hook `AtVeryEndDocument' on input line 632.
Package atveryend Info: Executing hook `AtEndAfterFileList' on input line 632.
Package rerunfilecheck Info: File `Paper.out' has not changed.
(rerunfilecheck)             Checksum: 919905BA4836A7D8E9789B8C72F22A20;492.


LaTeX Font Warning: Some font shapes were not available, defaults substituted.

 ) 
Here is how much of TeX's memory you used:
 6981 strings out of 495202
 104885 string characters out of 3180819
 189852 words of memory out of 3000000
 9992 multiletter control sequences out of 15000+200000
 66020 words of font info for 142 fonts, out of 3000000 for 9000
 95 hyphenation exceptions out of 8191
 53i,14n,92p,787b,520s stack positions out of 5000i,500n,10000p,200000b,50000s
{C:/MiKTeX/fonts/enc/dvips/fontname/8r.enc}<C:/MiKTeX/fonts/type1/public/amsf
onts/cm/cmmi10.pfb><C:/MiKTeX/fonts/type1/public/amsfonts/cm/cmr10.pfb><C:/MiKT
eX/fonts/type1/public/amsfonts/cm/cmss10.pfb><C:/MiKTeX/fonts/type1/public/amsf
onts/cm/cmss8.pfb><C:/MiKTeX/fonts/type1/public/amsfonts/cm/cmsy10.pfb><C:/MiKT
eX/fonts/type1/public/amsfonts/cm/cmsy9.pfb><C:/MiKTeX/fonts/type1/public/amsfo
nts/cm/cmtt10.pfb><C:/MiKTeX/fonts/type1/public/amsfonts/cm/cmtt9.pfb><C:/MiKTe
X/fonts/type1/public/amsfonts/symbols/msam10.pfb><C:/MiKTeX/fonts/type1/urw/tim
es/utmb8a.pfb><C:/MiKTeX/fonts/type1/urw/times/utmr8a.pfb><C:/MiKTeX/fonts/type
1/urw/times/utmr8a.pfb><C:/MiKTeX/fonts/type1/urw/times/utmri8a.pfb>
Output written on Paper.pdf (13 pages, 1343387 bytes).
PDF statistics:
 325 PDF objects out of 1000 (max. 8388607)
 68 named destinations out of 1000 (max. 500000)
 135 words of extra memory for PDF output out of 10000 (max. 10000000)

