This is pdfTeX, Version 3.1415926-2.4-1.40.13 (MiKTeX 2.9) (preloaded format=pdflatex 2012.7.25)  9 APR 2014 12:00
entering extended mode
**Z:/ASPETTA/PRESENTAZIONI/SYNCOP*2014/PRESENTAZIONE/Presentazione_SynCoP.tex
("Z:/ASPETTA/PRESENTAZIONI/SYNCOP 2014/PRESENTAZIONE/Presentazione_SynCoP.tex"
LaTeX2e <2011/06/27>
Babel <v3.8m> and hyphenation patterns for english, afrikaans, ancientgreek, ar
abic, armenian, assamese, basque, bengali, bokmal, bulgarian, catalan, coptic, 
croatian, czech, danish, dutch, esperanto, estonian, farsi, finnish, french, ga
lician, german, german-x-2012-05-30, greek, gujarati, hindi, hungarian, iceland
ic, indonesian, interlingua, irish, italian, kannada, kurmanji, latin, latvian,
 lithuanian, malayalam, marathi, mongolian, mongolianlmc, monogreek, ngerman, n
german-x-2012-05-30, nynorsk, oriya, panjabi, pinyin, polish, portuguese, roman
ian, russian, sanskrit, serbian, slovak, slovenian, spanish, swedish, swissgerm
an, tamil, telugu, turkish, turkmen, ukenglish, ukrainian, uppersorbian, usengl
ishmax, welsh, loaded.
("C:\Programmi\MiKTeX 2.9\tex\latex\beamer\base\beamer.cls"
("C:\Programmi\MiKTeX 2.9\tex\latex\beamer\base\beamerbasercs.sty"
Package: beamerbasercs 2012/06/01 (rcs-revision 352157baec3a)
)
Document Class: beamer 2011/09/12 development version 3.20 A class for typesett
ing presentations (rcs-revision 70f9d8411e54)
("C:\Programmi\MiKTeX 2.9\tex\latex\beamer\base\beamerbasemodes.sty"
Package: beamerbasemodes 2012/04/15 (rcs-revision cc6557182d97)
\beamer@tempbox=\box26
\beamer@tempcount=\count79
\c@beamerpauses=\count80

("C:\Programmi\MiKTeX 2.9\tex\latex\beamer\base\beamerbasedecode.sty"
Package: beamerbasedecode 2010/05/01 (rcs-revision efa082c6111d)
\beamer@slideinframe=\count81
\beamer@minimum=\count82
)
\beamer@commentbox=\box27
\beamer@modecount=\count83
)
("C:\Programmi\MiKTeX 2.9\tex\generic\oberdiek\ifpdf.sty"
Package: ifpdf 2011/01/30 v2.3 Provides the ifpdf switch (HO)
Package ifpdf Info: pdfTeX in PDF mode is detected.
)
\headheight=\dimen102
\headdp=\dimen103
\footheight=\dimen104
\sidebarheight=\dimen105
\beamer@tempdim=\dimen106
\beamer@finalheight=\dimen107
\beamer@animht=\dimen108
\beamer@animdp=\dimen109
\beamer@animwd=\dimen110
\beamer@leftmargin=\dimen111
\beamer@rightmargin=\dimen112
\beamer@leftsidebar=\dimen113
\beamer@rightsidebar=\dimen114
\beamer@boxsize=\dimen115
\beamer@vboxoffset=\dimen116
\beamer@descdefault=\dimen117
\beamer@descriptionwidth=\dimen118
\beamer@lastskip=\skip41
\beamer@areabox=\box28
\beamer@animcurrent=\box29
\beamer@animshowbox=\box30
\beamer@sectionbox=\box31
\beamer@logobox=\box32
\beamer@linebox=\box33
\beamer@sectioncount=\count84
\beamer@subsubsectionmax=\count85
\beamer@subsectionmax=\count86
\beamer@sectionmax=\count87
\beamer@totalheads=\count88
\beamer@headcounter=\count89
\beamer@partstartpage=\count90
\beamer@sectionstartpage=\count91
\beamer@subsectionstartpage=\count92
\beamer@animationtempa=\count93
\beamer@animationtempb=\count94
\beamer@xpos=\count95
\beamer@ypos=\count96
\beamer@showpartnumber=\count97
\beamer@currentsubsection=\count98
\beamer@coveringdepth=\count99
\beamer@sectionadjust=\count100
\beamer@tocsectionnumber=\count101

("C:\Programmi\MiKTeX 2.9\tex\latex\beamer\base\beamerbaseoptions.sty"
Package: beamerbaseoptions 2010/04/27 (rcs-revision 982469101dd6)

("C:\Programmi\MiKTeX 2.9\tex\latex\graphics\keyval.sty"
Package: keyval 1999/03/16 v1.13 key=value parser (DPC)
\KV@toks@=\toks14
))
\beamer@paperwidth=\skip42
\beamer@paperheight=\skip43

("C:\Programmi\MiKTeX 2.9\tex\latex\geometry\geometry.sty"
Package: geometry 2010/09/12 v5.6 Page Geometry

("C:\Programmi\MiKTeX 2.9\tex\generic\oberdiek\ifvtex.sty"
Package: ifvtex 2010/03/01 v1.5 Detect VTeX and its facilities (HO)
Package ifvtex Info: VTeX not detected.
)
("C:\Programmi\MiKTeX 2.9\tex\generic\ifxetex\ifxetex.sty"
Package: ifxetex 2010/09/12 v0.6 Provides ifxetex conditional
)
\Gm@cnth=\count102
\Gm@cntv=\count103
\c@Gm@tempcnt=\count104
\Gm@bindingoffset=\dimen119
\Gm@wd@mp=\dimen120
\Gm@odd@mp=\dimen121
\Gm@even@mp=\dimen122
\Gm@layoutwidth=\dimen123
\Gm@layoutheight=\dimen124
\Gm@layouthoffset=\dimen125
\Gm@layoutvoffset=\dimen126
\Gm@dimlist=\toks15

("C:\Programmi\MiKTeX 2.9\tex\latex\geometry\geometry.cfg"))
("C:\Programmi\MiKTeX 2.9\tex\latex\base\size11.clo"
File: size11.clo 2007/10/19 v1.4h Standard LaTeX file (size option)
)
("C:\Programmi\MiKTeX 2.9\tex\latex\pgf\basiclayer\pgfcore.sty"
("C:\Programmi\MiKTeX 2.9\tex\latex\graphics\graphicx.sty"
Package: graphicx 1999/02/16 v1.0f Enhanced LaTeX Graphics (DPC,SPQR)

("C:\Programmi\MiKTeX 2.9\tex\latex\graphics\graphics.sty"
Package: graphics 2009/02/05 v1.0o Standard LaTeX Graphics (DPC,SPQR)

("C:\Programmi\MiKTeX 2.9\tex\latex\graphics\trig.sty"
Package: trig 1999/03/16 v1.09 sin cos tan (DPC)
)
("C:\Programmi\MiKTeX 2.9\tex\latex\00miktex\graphics.cfg"
File: graphics.cfg 2007/01/18 v1.5 graphics configuration of teTeX/TeXLive
)
Package graphics Info: Driver file: pdftex.def on input line 91.

("C:\Programmi\MiKTeX 2.9\tex\latex\pdftex-def\pdftex.def"
File: pdftex.def 2011/05/27 v0.06d Graphics/color for pdfTeX

("C:\Programmi\MiKTeX 2.9\tex\generic\oberdiek\infwarerr.sty"
Package: infwarerr 2010/04/08 v1.3 Providing info/warning/error messages (HO)
)
("C:\Programmi\MiKTeX 2.9\tex\generic\oberdiek\ltxcmds.sty"
Package: ltxcmds 2011/11/09 v1.22 LaTeX kernel commands for general use (HO)
)
\Gread@gobject=\count105
))
\Gin@req@height=\dimen127
\Gin@req@width=\dimen128
)
("C:\Programmi\MiKTeX 2.9\tex\latex\pgf\systemlayer\pgfsys.sty"
("C:\Programmi\MiKTeX 2.9\tex\latex\pgf\utilities\pgfrcs.sty"
("C:\Programmi\MiKTeX 2.9\tex\generic\pgf\utilities\pgfutil-common.tex"
\pgfutil@everybye=\toks16
)
("C:\Programmi\MiKTeX 2.9\tex\generic\pgf\utilities\pgfutil-latex.def"
\pgfutil@abb=\box34

("C:\Programmi\MiKTeX 2.9\tex\latex\ms\everyshi.sty"
Package: everyshi 2001/05/15 v3.00 EveryShipout Package (MS)
))
("C:\Programmi\MiKTeX 2.9\tex\generic\pgf\utilities\pgfrcs.code.tex"
Package: pgfrcs 2010/10/25 v2.10 (rcs-revision 1.24)
))
("C:\Programmi\MiKTeX 2.9\tex\generic\pgf\systemlayer\pgfsys.code.tex"
Package: pgfsys 2010/06/30 v2.10 (rcs-revision 1.37)

("C:\Programmi\MiKTeX 2.9\tex\generic\pgf\utilities\pgfkeys.code.tex"
\pgfkeys@pathtoks=\toks17
\pgfkeys@temptoks=\toks18

("C:\Programmi\MiKTeX 2.9\tex\generic\pgf\utilities\pgfkeysfiltered.code.tex"
\pgfkeys@tmptoks=\toks19
))
\pgf@x=\dimen129
\pgf@y=\dimen130
\pgf@xa=\dimen131
\pgf@ya=\dimen132
\pgf@xb=\dimen133
\pgf@yb=\dimen134
\pgf@xc=\dimen135
\pgf@yc=\dimen136
\w@pgf@writea=\write3
\r@pgf@reada=\read1
\c@pgf@counta=\count106
\c@pgf@countb=\count107
\c@pgf@countc=\count108
\c@pgf@countd=\count109
("C:\Programmi\MiKTeX 2.9\tex\generic\pgf\systemlayer\pgf.cfg"
File: pgf.cfg 2008/05/14  (rcs-revision 1.7)
)
Package pgfsys Info: Driver file for pgf: pgfsys-pdftex.def on input line 900.

("C:\Programmi\MiKTeX 2.9\tex\generic\pgf\systemlayer\pgfsys-pdftex.def"
File: pgfsys-pdftex.def 2009/05/22  (rcs-revision 1.26)

("C:\Programmi\MiKTeX 2.9\tex\generic\pgf\systemlayer\pgfsys-common-pdf.def"
File: pgfsys-common-pdf.def 2008/05/19  (rcs-revision 1.10)
))) ("C:\Programmi\MiKTeX 2.9\tex\generic\pgf\systemlayer\pgfsyssoftpath.code.t
ex"
File: pgfsyssoftpath.code.tex 2008/07/18  (rcs-revision 1.7)
\pgfsyssoftpath@smallbuffer@items=\count110
\pgfsyssoftpath@bigbuffer@items=\count111
) ("C:\Programmi\MiKTeX 2.9\tex\generic\pgf\systemlayer\pgfsysprotocol.code.tex
"
File: pgfsysprotocol.code.tex 2006/10/16  (rcs-revision 1.4)
)) ("C:\Programmi\MiKTeX 2.9\tex\latex\xcolor\xcolor.sty"
Package: xcolor 2007/01/21 v2.11 LaTeX color extensions (UK)

("C:\Programmi\MiKTeX 2.9\tex\latex\00miktex\color.cfg"
File: color.cfg 2007/01/18 v1.5 color configuration of teTeX/TeXLive
)
Package xcolor Info: Driver file: pdftex.def on input line 225.
Package xcolor Info: Model `cmy' substituted by `cmy0' on input line 1337.
Package xcolor Info: Model `hsb' substituted by `rgb' on input line 1341.
Package xcolor Info: Model `RGB' extended on input line 1353.
Package xcolor Info: Model `HTML' substituted by `rgb' on input line 1355.
Package xcolor Info: Model `Hsb' substituted by `hsb' on input line 1356.
Package xcolor Info: Model `tHsb' substituted by `hsb' on input line 1357.
Package xcolor Info: Model `HSB' substituted by `hsb' on input line 1358.
Package xcolor Info: Model `Gray' substituted by `gray' on input line 1359.
Package xcolor Info: Model `wave' substituted by `hsb' on input line 1360.
)
("C:\Programmi\MiKTeX 2.9\tex\generic\pgf\basiclayer\pgfcore.code.tex"
Package: pgfcore 2010/04/11 v2.10 (rcs-revision 1.7)

("C:\Programmi\MiKTeX 2.9\tex\generic\pgf\math\pgfmath.code.tex"
("C:\Programmi\MiKTeX 2.9\tex\generic\pgf\math\pgfmathcalc.code.tex"
("C:\Programmi\MiKTeX 2.9\tex\generic\pgf\math\pgfmathutil.code.tex")
("C:\Programmi\MiKTeX 2.9\tex\generic\pgf\math\pgfmathparser.code.tex"
\pgfmath@dimen=\dimen137
\pgfmath@count=\count112
\pgfmath@box=\box35
\pgfmath@toks=\toks20
\pgfmath@stack@operand=\toks21
\pgfmath@stack@operation=\toks22
)
("C:\Programmi\MiKTeX 2.9\tex\generic\pgf\math\pgfmathfunctions.code.tex"
("C:\Programmi\MiKTeX 2.9\tex\generic\pgf\math\pgfmathfunctions.basic.code.tex"
)
("C:\Programmi\MiKTeX 2.9\tex\generic\pgf\math\pgfmathfunctions.trigonometric.c
ode.tex")
("C:\Programmi\MiKTeX 2.9\tex\generic\pgf\math\pgfmathfunctions.random.code.tex
")
("C:\Programmi\MiKTeX 2.9\tex\generic\pgf\math\pgfmathfunctions.comparison.code
.tex")
("C:\Programmi\MiKTeX 2.9\tex\generic\pgf\math\pgfmathfunctions.base.code.tex")
("C:\Programmi\MiKTeX 2.9\tex\generic\pgf\math\pgfmathfunctions.round.code.tex"
) ("C:\Programmi\MiKTeX 2.9\tex\generic\pgf\math\pgfmathfunctions.misc.code.tex
"))) ("C:\Programmi\MiKTeX 2.9\tex\generic\pgf\math\pgfmathfloat.code.tex"
\c@pgfmathroundto@lastzeros=\count113
))
("C:\Programmi\MiKTeX 2.9\tex\generic\pgf\basiclayer\pgfcorepoints.code.tex"
File: pgfcorepoints.code.tex 2010/04/09  (rcs-revision 1.20)
\pgf@picminx=\dimen138
\pgf@picmaxx=\dimen139
\pgf@picminy=\dimen140
\pgf@picmaxy=\dimen141
\pgf@pathminx=\dimen142
\pgf@pathmaxx=\dimen143
\pgf@pathminy=\dimen144
\pgf@pathmaxy=\dimen145
\pgf@xx=\dimen146
\pgf@xy=\dimen147
\pgf@yx=\dimen148
\pgf@yy=\dimen149
\pgf@zx=\dimen150
\pgf@zy=\dimen151
)
("C:\Programmi\MiKTeX 2.9\tex\generic\pgf\basiclayer\pgfcorepathconstruct.code.
tex"
File: pgfcorepathconstruct.code.tex 2010/08/03  (rcs-revision 1.24)
\pgf@path@lastx=\dimen152
\pgf@path@lasty=\dimen153
)
("C:\Programmi\MiKTeX 2.9\tex\generic\pgf\basiclayer\pgfcorepathusage.code.tex"
File: pgfcorepathusage.code.tex 2008/04/22  (rcs-revision 1.12)
\pgf@shorten@end@additional=\dimen154
\pgf@shorten@start@additional=\dimen155
) ("C:\Programmi\MiKTeX 2.9\tex\generic\pgf\basiclayer\pgfcorescopes.code.tex"
File: pgfcorescopes.code.tex 2010/09/08  (rcs-revision 1.34)
\pgfpic=\box36
\pgf@hbox=\box37
\pgf@layerbox@main=\box38
\pgf@picture@serial@count=\count114
)
("C:\Programmi\MiKTeX 2.9\tex\generic\pgf\basiclayer\pgfcoregraphicstate.code.t
ex"
File: pgfcoregraphicstate.code.tex 2008/04/22  (rcs-revision 1.9)
\pgflinewidth=\dimen156
)
("C:\Programmi\MiKTeX 2.9\tex\generic\pgf\basiclayer\pgfcoretransformations.cod
e.tex"
File: pgfcoretransformations.code.tex 2009/06/10  (rcs-revision 1.11)
\pgf@pt@x=\dimen157
\pgf@pt@y=\dimen158
\pgf@pt@temp=\dimen159
)
("C:\Programmi\MiKTeX 2.9\tex\generic\pgf\basiclayer\pgfcorequick.code.tex"
File: pgfcorequick.code.tex 2008/10/09  (rcs-revision 1.3)
)
("C:\Programmi\MiKTeX 2.9\tex\generic\pgf\basiclayer\pgfcoreobjects.code.tex"
File: pgfcoreobjects.code.tex 2006/10/11  (rcs-revision 1.2)
)
("C:\Programmi\MiKTeX 2.9\tex\generic\pgf\basiclayer\pgfcorepathprocessing.code
.tex"
File: pgfcorepathprocessing.code.tex 2008/10/09  (rcs-revision 1.8)
)
("C:\Programmi\MiKTeX 2.9\tex\generic\pgf\basiclayer\pgfcorearrows.code.tex"
File: pgfcorearrows.code.tex 2008/04/23  (rcs-revision 1.11)
)
("C:\Programmi\MiKTeX 2.9\tex\generic\pgf\basiclayer\pgfcoreshade.code.tex"
File: pgfcoreshade.code.tex 2008/11/23  (rcs-revision 1.13)
\pgf@max=\dimen160
\pgf@sys@shading@range@num=\count115
)
("C:\Programmi\MiKTeX 2.9\tex\generic\pgf\basiclayer\pgfcoreimage.code.tex"
File: pgfcoreimage.code.tex 2010/03/25  (rcs-revision 1.16)

("C:\Programmi\MiKTeX 2.9\tex\generic\pgf\basiclayer\pgfcoreexternal.code.tex"
File: pgfcoreexternal.code.tex 2010/09/01  (rcs-revision 1.17)
\pgfexternal@startupbox=\box39
)) ("C:\Programmi\MiKTeX 2.9\tex\generic\pgf\basiclayer\pgfcorelayers.code.tex"
File: pgfcorelayers.code.tex 2010/08/27  (rcs-revision 1.2)
)
("C:\Programmi\MiKTeX 2.9\tex\generic\pgf\basiclayer\pgfcoretransparency.code.t
ex"
File: pgfcoretransparency.code.tex 2008/01/17  (rcs-revision 1.2)
)
("C:\Programmi\MiKTeX 2.9\tex\generic\pgf\basiclayer\pgfcorepatterns.code.tex"
File: pgfcorepatterns.code.tex 2009/07/02  (rcs-revision 1.3)
))) ("C:\Programmi\MiKTeX 2.9\tex\latex\pgf\utilities\xxcolor.sty"
Package: xxcolor 2003/10/24 ver 0.1
\XC@nummixins=\count116
\XC@countmixins=\count117
)
("C:\Programmi\MiKTeX 2.9\tex\latex\hyperref\hyperref.sty"
Package: hyperref 2012/05/13 v6.82q Hypertext links for LaTeX

("C:\Programmi\MiKTeX 2.9\tex\generic\oberdiek\hobsub-hyperref.sty"
Package: hobsub-hyperref 2012/04/25 v1.12 Bundle oberdiek, subset hyperref (HO)


("C:\Programmi\MiKTeX 2.9\tex\generic\oberdiek\hobsub-generic.sty"
Package: hobsub-generic 2012/04/25 v1.12 Bundle oberdiek, subset generic (HO)
Package: hobsub 2012/04/25 v1.12 Construct package bundles (HO)
Package hobsub Info: Skipping package `infwarerr' (already loaded).
Package hobsub Info: Skipping package `ltxcmds' (already loaded).
Package: ifluatex 2010/03/01 v1.3 Provides the ifluatex switch (HO)
Package ifluatex Info: LuaTeX not detected.
Package hobsub Info: Skipping package `ifvtex' (already loaded).
Package: intcalc 2007/09/27 v1.1 Expandable calculations with integers (HO)
Package hobsub Info: Skipping package `ifpdf' (already loaded).
Package: etexcmds 2011/02/16 v1.5 Avoid name clashes with e-TeX commands (HO)
Package etexcmds Info: Could not find \expanded.
(etexcmds)             That can mean that you are not using pdfTeX 1.50 or
(etexcmds)             that some package has redefined \expanded.
(etexcmds)             In the latter case, load this package earlier.
Package: kvsetkeys 2012/04/25 v1.16 Key value parser (HO)
Package: kvdefinekeys 2011/04/07 v1.3 Define keys (HO)
Package: pdftexcmds 2011/11/29 v0.20 Utility functions of pdfTeX for LuaTeX (HO
)
Package pdftexcmds Info: LuaTeX not detected.
Package pdftexcmds Info: \pdf@primitive is available.
Package pdftexcmds Info: \pdf@ifprimitive is available.
Package pdftexcmds Info: \pdfdraftmode found.
Package: pdfescape 2011/11/25 v1.13 Implements pdfTeX's escape features (HO)
Package: bigintcalc 2012/04/08 v1.3 Expandable calculations on big integers (HO
)
Package: bitset 2011/01/30 v1.1 Handle bit-vector datatype (HO)
Package: uniquecounter 2011/01/30 v1.2 Provide unlimited unique counter (HO)
)
Package hobsub Info: Skipping package `hobsub' (already loaded).
Package: letltxmacro 2010/09/02 v1.4 Let assignment for LaTeX macros (HO)
Package: hopatch 2011/06/24 v1.1 Wrapper for package hooks (HO)
Package: xcolor-patch 2011/01/30 xcolor patch
Package: atveryend 2011/06/30 v1.8 Hooks at the very end of document (HO)
Package atveryend Info: \enddocument detected (standard20110627).
Package: atbegshi 2011/10/05 v1.16 At begin shipout hook (HO)
Package: refcount 2011/10/16 v3.4 Data extraction from label references (HO)
Package: hycolor 2011/01/30 v1.7 Color options for hyperref/bookmark (HO)
)
("C:\Programmi\MiKTeX 2.9\tex\latex\oberdiek\kvoptions.sty"
Package: kvoptions 2011/06/30 v3.11 Key value format for package options (HO)
)
\@linkdim=\dimen161
\Hy@linkcounter=\count118
\Hy@pagecounter=\count119

("C:\Programmi\MiKTeX 2.9\tex\latex\hyperref\pd1enc.def"
File: pd1enc.def 2012/05/13 v6.82q Hyperref: PDFDocEncoding definition (HO)
)
\Hy@SavedSpaceFactor=\count120

("C:\Programmi\MiKTeX 2.9\tex\latex\00miktex\hyperref.cfg"
File: hyperref.cfg 2002/06/06 v1.2 hyperref configuration of TeXLive
)
Package hyperref Info: Option `bookmarks' set `true' on input line 3941.
Package hyperref Info: Option `bookmarksopen' set `true' on input line 3941.
Package hyperref Info: Option `implicit' set `false' on input line 3941.
Package hyperref Info: Hyper figures OFF on input line 4062.
Package hyperref Info: Link nesting OFF on input line 4067.
Package hyperref Info: Hyper index ON on input line 4070.
Package hyperref Info: Plain pages OFF on input line 4077.
Package hyperref Info: Backreferencing OFF on input line 4082.
Package hyperref Info: Implicit mode OFF; no redefinition of LaTeX internals.
Package hyperref Info: Bookmarks ON on input line 4300.
\c@Hy@tempcnt=\count121

("C:\Programmi\MiKTeX 2.9\tex\latex\ltxmisc\url.sty"
\Urlmuskip=\muskip10
Package: url 2006/04/12  ver 3.3  Verb mode for urls, etc.
)
LaTeX Info: Redefining \url on input line 4653.
\Fld@menulength=\count122
\Field@Width=\dimen162
\Fld@charsize=\dimen163
Package hyperref Info: Hyper figures OFF on input line 5773.
Package hyperref Info: Link nesting OFF on input line 5778.
Package hyperref Info: Hyper index ON on input line 5781.
Package hyperref Info: backreferencing OFF on input line 5788.
Package hyperref Info: Link coloring OFF on input line 5793.
Package hyperref Info: Link coloring with OCG OFF on input line 5798.
Package hyperref Info: PDF/A mode OFF on input line 5803.
LaTeX Info: Redefining \ref on input line 5843.
LaTeX Info: Redefining \pageref on input line 5847.
\Hy@abspage=\count123


Package hyperref Message: Stopped early.

)

Package hyperref Message: Driver (autodetected): hpdftex.

("C:\Programmi\MiKTeX 2.9\tex\latex\hyperref\hpdftex.def"
File: hpdftex.def 2012/05/13 v6.82q Hyperref driver for pdfTeX
\Fld@listcount=\count124
\c@bookmark@seq@number=\count125

("C:\Programmi\MiKTeX 2.9\tex\latex\oberdiek\rerunfilecheck.sty"
Package: rerunfilecheck 2011/04/15 v1.7 Rerun checks for auxiliary files (HO)
Package uniquecounter Info: New unique counter `rerunfilecheck' on input line 2
82.
))
("C:\Programmi\MiKTeX 2.9\tex\latex\beamer\base\beamerbaserequires.sty"
Package: beamerbaserequires 2010/05/01  (rcs-revision efa082c6111d)

("C:\Programmi\MiKTeX 2.9\tex\latex\beamer\base\beamerbasecompatibility.sty"
Package: beamerbasecompatibility 2012/05/01  (rcs-revision 67c48b3b652d)
)
("C:\Programmi\MiKTeX 2.9\tex\latex\beamer\base\beamerbasefont.sty"
Package: beamerbasefont 2012/05/10  (rcs-revision a0b4f9f91ee9)

("C:\Programmi\MiKTeX 2.9\tex\latex\amsfonts\amssymb.sty"
Package: amssymb 2009/06/22 v3.00

("C:\Programmi\MiKTeX 2.9\tex\latex\amsfonts\amsfonts.sty"
Package: amsfonts 2009/06/22 v3.00 Basic AMSFonts support
\@emptytoks=\toks23
\symAMSa=\mathgroup4
\symAMSb=\mathgroup5
LaTeX Font Info:    Overwriting math alphabet `\mathfrak' in version `bold'
(Font)                  U/euf/m/n --> U/euf/b/n on input line 96.
))
("C:\Programmi\MiKTeX 2.9\tex\latex\sansmathaccent\sansmathaccent.sty"
Package: sansmathaccent 2012/04/26
))
("C:\Programmi\MiKTeX 2.9\tex\latex\beamer\base\beamerbasetranslator.sty"
Package: beamerbasetranslator 2010/06/11  (rcs-revision 85fd1cc7fc42)

("C:\Programmi\MiKTeX 2.9\tex\latex\beamer\base\translator\translator.sty"
Package: translator 2010/06/12 ver 1.10

("C:\Programmi\MiKTeX 2.9\tex\latex\beamer\base\translator\translator-language-
mappings.tex")))
("C:\Programmi\MiKTeX 2.9\tex\latex\beamer\base\beamerbasemisc.sty"
Package: beamerbasemisc 2012/02/24  (rcs-revision 2ff5461be705)
)
("C:\Programmi\MiKTeX 2.9\tex\latex\beamer\base\beamerbasetwoscreens.sty"
Package: beamerbasetwoscreens 2010/05/01  (rcs-revision efa082c6111d)
)
("C:\Programmi\MiKTeX 2.9\tex\latex\beamer\base\beamerbaseoverlay.sty"
Package: beamerbaseoverlay 2012/04/03  (rcs-revision 45744d9ae88b)
\beamer@argscount=\count126
\beamer@lastskipcover=\skip44
\beamer@trivlistdepth=\count127
)
("C:\Programmi\MiKTeX 2.9\tex\latex\beamer\base\beamerbasetitle.sty"
Package: beamerbasetitle 2010/09/21  (rcs-revision f0446ed0b6ae)
)
("C:\Programmi\MiKTeX 2.9\tex\latex\beamer\base\beamerbasesection.sty"
Package: beamerbasesection 2012/05/30  (rcs-revision 22ff49def670)
\c@lecture=\count128
\c@part=\count129
\c@section=\count130
\c@subsection=\count131
\c@subsubsection=\count132
)
("C:\Programmi\MiKTeX 2.9\tex\latex\beamer\base\beamerbaseframe.sty"
Package: beamerbaseframe 2012/05/31  (rcs-revision 5fc3b3dbfeba)
\beamer@framebox=\box40
\beamer@frametitlebox=\box41
\beamer@zoombox=\box42
\beamer@zoomcount=\count133
\beamer@zoomframecount=\count134
\beamer@frametextheight=\dimen164
\c@subsectionslide=\count135
\beamer@frametopskip=\skip45
\beamer@framebottomskip=\skip46
\beamer@frametopskipautobreak=\skip47
\beamer@framebottomskipautobreak=\skip48
\beamer@envbody=\toks24
\c@framenumber=\count136
)
("C:\Programmi\MiKTeX 2.9\tex\latex\beamer\base\beamerbaseverbatim.sty"
Package: beamerbaseverbatim 2011/09/12  (rcs-revision 70f9d8411e54)
\beamer@verbatimfileout=\write4
)
("C:\Programmi\MiKTeX 2.9\tex\latex\beamer\base\beamerbaseframesize.sty"
Package: beamerbaseframesize 2011/09/12  (rcs-revision 70f9d8411e54)
\beamer@splitbox=\box43
\beamer@autobreakcount=\count137
\beamer@autobreaklastheight=\dimen165
\beamer@frametitletoks=\toks25
\beamer@framesubtitletoks=\toks26
)
("C:\Programmi\MiKTeX 2.9\tex\latex\beamer\base\beamerbaseframecomponents.sty"
Package: beamerbaseframecomponents 2012/03/07  (rcs-revision 9f094699ce15)
\beamer@footins=\box44
) ("C:\Programmi\MiKTeX 2.9\tex\latex\beamer\base\beamerbasecolor.sty"
Package: beamerbasecolor 2010/06/06  (rcs-revision d1a9b48be06d)
)
("C:\Programmi\MiKTeX 2.9\tex\latex\beamer\base\beamerbasenotes.sty"
Package: beamerbasenotes 2010/05/01  (rcs-revision efa082c6111d)
\beamer@frameboxcopy=\box45
)
("C:\Programmi\MiKTeX 2.9\tex\latex\beamer\base\beamerbasetoc.sty"
Package: beamerbasetoc 2012/02/28  (rcs-revision 138681b92320)
)
("C:\Programmi\MiKTeX 2.9\tex\latex\beamer\base\beamerbasetemplates.sty"
Package: beamerbasetemplates 2010/05/01  (rcs-revision efa082c6111d)
\beamer@sbttoks=\toks27

("C:\Programmi\MiKTeX 2.9\tex\latex\beamer\base\beamerbaseauxtemplates.sty"
Package: beamerbaseauxtemplates 2012/05/01  (rcs-revision 67c48b3b652d)

("C:\Programmi\MiKTeX 2.9\tex\latex\beamer\base\beamerbaseboxes.sty"
Package: beamerbaseboxes 2012/05/13  (rcs-revision 56972908a390)
\bmb@box=\box46
\bmb@colorbox=\box47
\bmb@boxshadow=\box48
\bmb@boxshadowball=\box49
\bmb@boxshadowballlarge=\box50
\bmb@temp=\dimen166
\bmb@dima=\dimen167
\bmb@dimb=\dimen168
\bmb@prevheight=\dimen169
)
\beamer@blockheadheight=\dimen170
))
("C:\Programmi\MiKTeX 2.9\tex\latex\beamer\base\beamerbaselocalstructure.sty"
Package: beamerbaselocalstructure 2012/05/25  (rcs-revision 5ff5e8ed7c0e)

("C:\Programmi\MiKTeX 2.9\tex\latex\tools\enumerate.sty"
Package: enumerate 1999/03/05 v3.00 enumerate extensions (DPC)
\@enLab=\toks28
)
\c@figure=\count138
\c@table=\count139
\abovecaptionskip=\skip49
\belowcaptionskip=\skip50
)
("C:\Programmi\MiKTeX 2.9\tex\latex\beamer\base\beamerbasenavigation.sty"
Package: beamerbasenavigation 2012/04/03  (rcs-revision 42a0f21a412d)
\beamer@section@min@dim=\dimen171
)
("C:\Programmi\MiKTeX 2.9\tex\latex\beamer\base\beamerbasetheorems.sty"
Package: beamerbasetheorems 2010/06/06  (rcs-revision 7e7cc5e53e9d)

("C:\Programmi\MiKTeX 2.9\tex\latex\ams\math\amsmath.sty"
Package: amsmath 2000/07/18 v2.13 AMS math features
\@mathmargin=\skip51

For additional information on amsmath, use the `?' option.
("C:\Programmi\MiKTeX 2.9\tex\latex\ams\math\amstext.sty"
Package: amstext 2000/06/29 v2.01

("C:\Programmi\MiKTeX 2.9\tex\latex\ams\math\amsgen.sty"
File: amsgen.sty 1999/11/30 v2.0
\@emptytoks=\toks29
\ex@=\dimen172
))
("C:\Programmi\MiKTeX 2.9\tex\latex\ams\math\amsbsy.sty"
Package: amsbsy 1999/11/29 v1.2d
\pmbraise@=\dimen173
)
("C:\Programmi\MiKTeX 2.9\tex\latex\ams\math\amsopn.sty"
Package: amsopn 1999/12/14 v2.01 operator names
)
\inf@bad=\count140
LaTeX Info: Redefining \frac on input line 211.
\uproot@=\count141
\leftroot@=\count142
LaTeX Info: Redefining \overline on input line 307.
\classnum@=\count143
\DOTSCASE@=\count144
LaTeX Info: Redefining \ldots on input line 379.
LaTeX Info: Redefining \dots on input line 382.
LaTeX Info: Redefining \cdots on input line 467.
\Mathstrutbox@=\box51
\strutbox@=\box52
\big@size=\dimen174
LaTeX Font Info:    Redeclaring font encoding OML on input line 567.
LaTeX Font Info:    Redeclaring font encoding OMS on input line 568.
\macc@depth=\count145
\c@MaxMatrixCols=\count146
\dotsspace@=\muskip11
\c@parentequation=\count147
\dspbrk@lvl=\count148
\tag@help=\toks30
\row@=\count149
\column@=\count150
\maxfields@=\count151
\andhelp@=\toks31
\eqnshift@=\dimen175
\alignsep@=\dimen176
\tagshift@=\dimen177
\tagwidth@=\dimen178
\totwidth@=\dimen179
\lineht@=\dimen180
\@envbody=\toks32
\multlinegap=\skip52
\multlinetaggap=\skip53
\mathdisplay@stack=\toks33
LaTeX Info: Redefining \[ on input line 2666.
LaTeX Info: Redefining \] on input line 2667.
)
("C:\Programmi\MiKTeX 2.9\tex\latex\ams\classes\amsthm.sty"
Package: amsthm 2004/08/06 v2.20
\thm@style=\toks34
\thm@bodyfont=\toks35
\thm@headfont=\toks36
\thm@notefont=\toks37
\thm@headpunct=\toks38
\thm@preskip=\skip54
\thm@postskip=\skip55
\thm@headsep=\skip56
\dth@everypar=\toks39
)
\c@theorem=\count152
)
("C:\Programmi\MiKTeX 2.9\tex\latex\beamer\base\beamerbasethemes.sty"
Package: beamerbasethemes 2010/05/01  (rcs-revision efa082c6111d)
))
("C:\Programmi\MiKTeX 2.9\tex\latex\beamer\base\themes\theme\beamerthemedefault
.sty"
Package: beamerthemedefault 2010/06/17  (rcs-revision d02a7cf4d8ae)

("C:\Programmi\MiKTeX 2.9\tex\latex\beamer\base\themes\font\beamerfontthemedefa
ult.sty"
Package: beamerfontthemedefault 2010/06/17  (rcs-revision d02a7cf4d8ae)
)
("C:\Programmi\MiKTeX 2.9\tex\latex\beamer\base\themes\color\beamercolorthemede
fault.sty"
Package: beamercolorthemedefault 2010/06/17  (rcs-revision d02a7cf4d8ae)
)
("C:\Programmi\MiKTeX 2.9\tex\latex\beamer\base\themes\inner\beamerinnerthemede
fault.sty"
Package: beamerinnerthemedefault 2012/05/01  (rcs-revision 67c48b3b652d)
\beamer@dima=\dimen181
\beamer@dimb=\dimen182
)
("C:\Programmi\MiKTeX 2.9\tex\latex\beamer\base\themes\outer\beamerouterthemede
fault.sty"
Package: beamerouterthemedefault 2010/06/17  (rcs-revision d02a7cf4d8ae)
)))
("Z:\ASPETTA\PRESENTAZIONI\SYNCOP 2014\PRESENTAZIONE\beamerthemeut.sty"
Package: beamerthemeut 2011/05/13 v0.1 Latex-Beamer theme for the University of
 Twente

("C:\Programmi\MiKTeX 2.9\tex\latex\pgf\frontendlayer\tikz.sty"
("C:\Programmi\MiKTeX 2.9\tex\latex\pgf\basiclayer\pgf.sty"
Package: pgf 2008/01/15 v2.10 (rcs-revision 1.12)

("C:\Programmi\MiKTeX 2.9\tex\generic\pgf\modules\pgfmoduleshapes.code.tex"
File: pgfmoduleshapes.code.tex 2010/09/09  (rcs-revision 1.13)
\pgfnodeparttextbox=\box53
)
("C:\Programmi\MiKTeX 2.9\tex\generic\pgf\modules\pgfmoduleplot.code.tex"
File: pgfmoduleplot.code.tex 2010/10/22  (rcs-revision 1.8)
)
("C:\Programmi\MiKTeX 2.9\tex\latex\pgf\compatibility\pgfcomp-version-0-65.sty"
Package: pgfcomp-version-0-65 2007/07/03 v2.10 (rcs-revision 1.7)
\pgf@nodesepstart=\dimen183
\pgf@nodesepend=\dimen184
) ("C:\Programmi\MiKTeX 2.9\tex\latex\pgf\compatibility\pgfcomp-version-1-18.st
y"
Package: pgfcomp-version-1-18 2007/07/23 v2.10 (rcs-revision 1.1)
)) ("C:\Programmi\MiKTeX 2.9\tex\latex\pgf\utilities\pgffor.sty"
("C:\Programmi\MiKTeX 2.9\tex\latex\pgf\utilities\pgfkeys.sty"
("C:\Programmi\MiKTeX 2.9\tex\generic\pgf\utilities\pgfkeys.code.tex"))
("C:\Programmi\MiKTeX 2.9\tex\generic\pgf\utilities\pgffor.code.tex"
Package: pgffor 2010/03/23 v2.10 (rcs-revision 1.18)
\pgffor@iter=\dimen185
\pgffor@skip=\dimen186
\pgffor@stack=\toks40
\pgffor@toks=\toks41
))
("C:\Programmi\MiKTeX 2.9\tex\generic\pgf\frontendlayer\tikz\tikz.code.tex"
Package: tikz 2010/10/13 v2.10 (rcs-revision 1.76)

("C:\Programmi\MiKTeX 2.9\tex\generic\pgf\libraries\pgflibraryplothandlers.code
.tex"
File: pgflibraryplothandlers.code.tex 2010/05/31 v2.10 (rcs-revision 1.15)
\pgf@plot@mark@count=\count153
\pgfplotmarksize=\dimen187
)
\tikz@lastx=\dimen188
\tikz@lasty=\dimen189
\tikz@lastxsaved=\dimen190
\tikz@lastysaved=\dimen191
\tikzleveldistance=\dimen192
\tikzsiblingdistance=\dimen193
\tikz@figbox=\box54
\tikz@tempbox=\box55
\tikztreelevel=\count154
\tikznumberofchildren=\count155
\tikznumberofcurrentchild=\count156
\tikz@fig@count=\count157

("C:\Programmi\MiKTeX 2.9\tex\generic\pgf\modules\pgfmodulematrix.code.tex"
File: pgfmodulematrix.code.tex 2010/08/24  (rcs-revision 1.4)
\pgfmatrixcurrentrow=\count158
\pgfmatrixcurrentcolumn=\count159
\pgf@matrix@numberofcolumns=\count160
)
\tikz@expandcount=\count161

("C:\Programmi\MiKTeX 2.9\tex\generic\pgf\frontendlayer\tikz\libraries\tikzlibr
arytopaths.code.tex"
File: tikzlibrarytopaths.code.tex 2008/06/17 v2.10 (rcs-revision 1.2)
))) ("C:\Programmi\MiKTeX 2.9\tex\latex\pgfopts\pgfopts.sty"
Package: pgfopts 2011/06/02 v2.1 LaTeX package options with pgfkeys
\pgfopts@list@add@a@toks=\toks42
\pgfopts@list@add@b@toks=\toks43
) ("C:\Programmi\MiKTeX 2.9\tex\latex\euler\euler.sty"
Package: euler 1995/03/05 v2.5

Package: `euler' v2.5 <1995/03/05> (FJ and FMi)
LaTeX Font Info:    Redeclaring symbol font `letters' on input line 35.
LaTeX Font Info:    Encoding `OML' has changed to `U' for symbol font
(Font)              `letters' in the math version `normal' on input line 35.
LaTeX Font Info:    Overwriting symbol font `letters' in version `normal'
(Font)                  OML/cmm/m/it --> U/eur/m/n on input line 35.
LaTeX Font Info:    Encoding `OML' has changed to `U' for symbol font
(Font)              `letters' in the math version `bold' on input line 35.
LaTeX Font Info:    Overwriting symbol font `letters' in version `bold'
(Font)                  OML/cmm/b/it --> U/eur/m/n on input line 35.
LaTeX Font Info:    Overwriting symbol font `letters' in version `bold'
(Font)                  U/eur/m/n --> U/eur/b/n on input line 36.
LaTeX Font Info:    Redeclaring math symbol \Gamma on input line 47.
LaTeX Font Info:    Redeclaring math symbol \Delta on input line 48.
LaTeX Font Info:    Redeclaring math symbol \Theta on input line 49.
LaTeX Font Info:    Redeclaring math symbol \Lambda on input line 50.
LaTeX Font Info:    Redeclaring math symbol \Xi on input line 51.
LaTeX Font Info:    Redeclaring math symbol \Pi on input line 52.
LaTeX Font Info:    Redeclaring math symbol \Sigma on input line 53.
LaTeX Font Info:    Redeclaring math symbol \Upsilon on input line 54.
LaTeX Font Info:    Redeclaring math symbol \Phi on input line 55.
LaTeX Font Info:    Redeclaring math symbol \Psi on input line 56.
LaTeX Font Info:    Redeclaring math symbol \Omega on input line 57.
\symEulerFraktur=\mathgroup6
LaTeX Font Info:    Overwriting symbol font `EulerFraktur' in version `bold'
(Font)                  U/euf/m/n --> U/euf/b/n on input line 63.
LaTeX Font Info:    Redeclaring math alphabet \mathfrak on input line 64.
LaTeX Info: Redefining \oldstylenums on input line 85.
\symEulerScript=\mathgroup7
LaTeX Font Info:    Overwriting symbol font `EulerScript' in version `bold'
(Font)                  U/eus/m/n --> U/eus/b/n on input line 93.
LaTeX Font Info:    Redeclaring math symbol \aleph on input line 97.
LaTeX Font Info:    Redeclaring math symbol \Re on input line 98.
LaTeX Font Info:    Redeclaring math symbol \Im on input line 99.
LaTeX Font Info:    Redeclaring math delimiter \vert on input line 101.
LaTeX Font Info:    Redeclaring math delimiter \backslash on input line 103.
LaTeX Font Info:    Redeclaring math symbol \neg on input line 106.
LaTeX Font Info:    Redeclaring math symbol \wedge on input line 108.
LaTeX Font Info:    Redeclaring math symbol \vee on input line 110.
LaTeX Font Info:    Redeclaring math symbol \setminus on input line 112.
LaTeX Font Info:    Redeclaring math symbol \sim on input line 113.
LaTeX Font Info:    Redeclaring math symbol \mid on input line 114.
LaTeX Font Info:    Redeclaring math delimiter \arrowvert on input line 116.
LaTeX Font Info:    Redeclaring math symbol \mathsection on input line 117.
\symEulerExtension=\mathgroup8
LaTeX Font Info:    Redeclaring math symbol \coprod@ on input line 125.
LaTeX Font Info:    Redeclaring math symbol \prod@ on input line 125.
LaTeX Font Info:    Redeclaring math symbol \sum@ on input line 125.
LaTeX Font Info:    Redeclaring math symbol \intop on input line 130.
LaTeX Font Info:    Redeclaring math symbol \ointop on input line 131.
LaTeX Font Info:    Redeclaring math symbol \braceld on input line 132.
LaTeX Font Info:    Redeclaring math symbol \bracerd on input line 133.
LaTeX Font Info:    Redeclaring math symbol \bracelu on input line 134.
LaTeX Font Info:    Redeclaring math symbol \braceru on input line 135.
LaTeX Font Info:    Redeclaring math symbol \infty on input line 136.
LaTeX Font Info:    Redeclaring math symbol \nearrow on input line 153.
LaTeX Font Info:    Redeclaring math symbol \searrow on input line 154.
LaTeX Font Info:    Redeclaring math symbol \nwarrow on input line 155.
LaTeX Font Info:    Redeclaring math symbol \swarrow on input line 156.
LaTeX Font Info:    Redeclaring math symbol \Leftrightarrow on input line 157.
LaTeX Font Info:    Redeclaring math symbol \Leftarrow on input line 158.
LaTeX Font Info:    Redeclaring math symbol \Rightarrow on input line 159.
LaTeX Font Info:    Redeclaring math symbol \leftrightarrow on input line 160.
LaTeX Font Info:    Redeclaring math symbol \leftarrow on input line 161.
LaTeX Font Info:    Redeclaring math symbol \rightarrow on input line 163.
LaTeX Font Info:    Redeclaring math delimiter \uparrow on input line 166.
LaTeX Font Info:    Redeclaring math delimiter \downarrow on input line 168.
LaTeX Font Info:    Redeclaring math delimiter \updownarrow on input line 170.
LaTeX Font Info:    Redeclaring math delimiter \Uparrow on input line 172.
LaTeX Font Info:    Redeclaring math delimiter \Downarrow on input line 174.
LaTeX Font Info:    Redeclaring math delimiter \Updownarrow on input line 176.
LaTeX Font Info:    Redeclaring math symbol \leftharpoonup on input line 177.
LaTeX Font Info:    Redeclaring math symbol \leftharpoondown on input line 178.

LaTeX Font Info:    Redeclaring math symbol \rightharpoonup on input line 179.
LaTeX Font Info:    Redeclaring math symbol \rightharpoondown on input line 180
.
LaTeX Font Info:    Redeclaring math delimiter \lbrace on input line 182.
LaTeX Font Info:    Redeclaring math delimiter \rbrace on input line 184.
\symcmmigroup=\mathgroup9
LaTeX Font Info:    Overwriting symbol font `cmmigroup' in version `bold'
(Font)                  OML/cmm/m/it --> OML/cmm/b/it on input line 200.
LaTeX Font Info:    Redeclaring math accent \vec on input line 201.
LaTeX Font Info:    Redeclaring math symbol \triangleleft on input line 202.
LaTeX Font Info:    Redeclaring math symbol \triangleright on input line 203.
LaTeX Font Info:    Redeclaring math symbol \star on input line 204.
LaTeX Font Info:    Redeclaring math symbol \lhook on input line 205.
LaTeX Font Info:    Redeclaring math symbol \rhook on input line 206.
LaTeX Font Info:    Redeclaring math symbol \flat on input line 207.
LaTeX Font Info:    Redeclaring math symbol \natural on input line 208.
LaTeX Font Info:    Redeclaring math symbol \sharp on input line 209.
LaTeX Font Info:    Redeclaring math symbol \smile on input line 210.
LaTeX Font Info:    Redeclaring math symbol \frown on input line 211.
LaTeX Font Info:    Redeclaring math accent \hat on input line 254.
) ("C:\Programmi\MiKTeX 2.9\tex\latex\textpos\textpos.sty"
Package: textpos 2012/06/01 v1.7h

Package: textpos 2012/06/01 1.7h, absolute positioning of text on the page
\TP@textbox=\box56
\TP@holdbox=\box57
\TPHorizModule=\dimen194
\TPVertModule=\dimen195
\TP@margin=\dimen196
\TP@absmargin=\dimen197
Grid set 16 x 16 = 22.7622pt x 17.07166pt
\TPboxrulesize=\dimen198
\TP@ox=\dimen199
\TP@oy=\dimen200
\TP@tbargs=\toks44
\TP@prevdepth=\dimen201
TextBlockOrigin set to 0pt x 0pt
)
TextBlockOrigin set to 0mm x 0mm

("C:\Programmi\MiKTeX 2.9\tex\latex\beamer\base\themes\inner\beamerinnerthemero
unded.sty"
Package: beamerinnerthemerounded 2010/06/17  (rcs-revision d02a7cf4d8ae)
)) ("C:\Programmi\MiKTeX 2.9\tex\latex\tools\array.sty"
Package: array 2008/09/09 v2.4c Tabular extension package (FMi)
\col@sep=\dimen202
\extrarowheight=\dimen203
\NC@list=\toks45
\extratabsurround=\skip57
\backup@length=\skip58
)
("C:\Programmi\MiKTeX 2.9\tex\latex\tools\calc.sty"
Package: calc 2007/08/22 v4.3 Infix arithmetic (KKT,FJ)
\calc@Acount=\count162
\calc@Bcount=\count163
\calc@Adimen=\dimen204
\calc@Bdimen=\dimen205
\calc@Askip=\skip59
\calc@Bskip=\skip60
LaTeX Info: Redefining \setlength on input line 76.
LaTeX Info: Redefining \addtolength on input line 77.
\calc@Ccount=\count164
\calc@Cskip=\skip61
)
("C:\Programmi\MiKTeX 2.9\tex\generic\pgf\frontendlayer\tikz\libraries\tikzlibr
arypositioning.code.tex"
File: tikzlibrarypositioning.code.tex 2008/10/06 v2.10 (rcs-revision 1.7)
)

Package hyperref Warning: Token not allowed in a PDF string (PDFDocEncoding):
(hyperref)                removing `math shift' on input line 94.


Package hyperref Warning: Token not allowed in a PDF string (PDFDocEncoding):
(hyperref)                removing `\@@underline' on input line 94.


Package hyperref Warning: Token not allowed in a PDF string (PDFDocEncoding):
(hyperref)                removing `\hbox' on input line 94.


Package hyperref Warning: Token not allowed in a PDF string (PDFDocEncoding):
(hyperref)                removing `\mathsurround' on input line 94.


Package hyperref Warning: Token not allowed in a PDF string (PDFDocEncoding):
(hyperref)                removing `\z@' on input line 94.


Package hyperref Warning: Token not allowed in a PDF string (PDFDocEncoding):
(hyperref)                removing `math shift' on input line 94.

("Z:\ASPETTA\PRESENTAZIONI\SYNCOP 2014\PRESENTAZIONE\Presentazione_SynCoP.aux")
LaTeX Font Info:    Checking defaults for OML/cmm/m/it on input line 109.
LaTeX Font Info:    ... okay on input line 109.
LaTeX Font Info:    Checking defaults for T1/cmr/m/n on input line 109.
LaTeX Font Info:    ... okay on input line 109.
LaTeX Font Info:    Checking defaults for OT1/cmr/m/n on input line 109.
LaTeX Font Info:    ... okay on input line 109.
LaTeX Font Info:    Checking defaults for OMS/cmsy/m/n on input line 109.
LaTeX Font Info:    ... okay on input line 109.
LaTeX Font Info:    Checking defaults for OMX/cmex/m/n on input line 109.
LaTeX Font Info:    ... okay on input line 109.
LaTeX Font Info:    Checking defaults for U/cmr/m/n on input line 109.
LaTeX Font Info:    ... okay on input line 109.
LaTeX Font Info:    Checking defaults for PD1/pdf/m/n on input line 109.
LaTeX Font Info:    ... okay on input line 109.
*geometry* driver: auto-detecting
*geometry* detected driver: pdftex
*geometry* verbose mode - [ preamble ] result:
* driver: pdftex
* paper: custom
* layout: <same size as paper>
* layoutoffset:(h,v)=(0.0pt,0.0pt)
* modes: includehead includefoot 
* h-part:(L,W,R)=(28.45274pt, 307.28987pt, 28.45274pt)
* v-part:(T,H,B)=(0.0pt, 273.14662pt, 0.0pt)
* \paperwidth=364.19536pt
* \paperheight=273.14662pt
* \textwidth=307.28987pt
* \textheight=244.6939pt
* \oddsidemargin=-43.81725pt
* \evensidemargin=-43.81725pt
* \topmargin=-72.26999pt
* \headheight=14.22636pt
* \headsep=0.0pt
* \topskip=11.0pt
* \footskip=14.22636pt
* \marginparwidth=4.0pt
* \marginparsep=10.0pt
* \columnsep=10.0pt
* \skip\footins=10.0pt plus 4.0pt minus 2.0pt
* \hoffset=0.0pt
* \voffset=0.0pt
* \mag=1000
* \@twocolumnfalse
* \@twosidefalse
* \@mparswitchfalse
* \@reversemarginfalse
* (1in=72.27pt=25.4mm, 1cm=28.453pt)

("C:\Programmi\MiKTeX 2.9\tex\context\base\supp-pdf.mkii"
[Loading MPS to PDF converter (version 2006.09.02).]
\scratchcounter=\count165
\scratchdimen=\dimen206
\scratchbox=\box58
\nofMPsegments=\count166
\nofMParguments=\count167
\everyMPshowfont=\toks46
\MPscratchCnt=\count168
\MPscratchDim=\dimen207
\MPnumerator=\count169
\makeMPintoPDFobject=\count170
\everyMPtoPDFconversion=\toks47
) ABD: EveryShipout initializing macros
\AtBeginShipoutBox=\box59
Package hyperref Info: Link coloring OFF on input line 109.

("C:\Programmi\MiKTeX 2.9\tex\latex\hyperref\nameref.sty"
Package: nameref 2010/04/30 v2.40 Cross-referencing by name of section

("C:\Programmi\MiKTeX 2.9\tex\generic\oberdiek\gettitlestring.sty"
Package: gettitlestring 2010/12/03 v1.4 Cleanup title references (HO)
)
\c@section@level=\count171
)
LaTeX Info: Redefining \ref on input line 109.
LaTeX Info: Redefining \pageref on input line 109.
LaTeX Info: Redefining \nameref on input line 109.

("Z:\ASPETTA\PRESENTAZIONI\SYNCOP 2014\PRESENTAZIONE\Presentazione_SynCoP.out")
("Z:\ASPETTA\PRESENTAZIONI\SYNCOP 2014\PRESENTAZIONE\Presentazione_SynCoP.out")
\@outlinefile=\write5
LaTeX Font Info:    Overwriting symbol font `operators' in version `normal'
(Font)                  OT1/cmr/m/n --> OT1/cmss/m/n on input line 109.
LaTeX Font Info:    Overwriting symbol font `operators' in version `bold'
(Font)                  OT1/cmr/bx/n --> OT1/cmss/bx/n on input line 109.
\symnumbers=\mathgroup10
\sympureletters=\mathgroup11
LaTeX Font Info:    Overwriting math alphabet `\mathrm' in version `normal'
(Font)                  OT1/cmss/m/n --> OT1/cmr/m/n on input line 109.
LaTeX Font Info:    Redeclaring math alphabet \mathbf on input line 109.
LaTeX Font Info:    Overwriting math alphabet `\mathbf' in version `normal'
(Font)                  OT1/cmr/bx/n --> OT1/cmss/bx/n on input line 109.
LaTeX Font Info:    Overwriting math alphabet `\mathbf' in version `bold'
(Font)                  OT1/cmr/bx/n --> OT1/cmss/bx/n on input line 109.
LaTeX Font Info:    Redeclaring math alphabet \mathsf on input line 109.
LaTeX Font Info:    Overwriting math alphabet `\mathsf' in version `normal'
(Font)                  OT1/cmss/m/n --> OT1/cmss/m/n on input line 109.
LaTeX Font Info:    Overwriting math alphabet `\mathsf' in version `bold'
(Font)                  OT1/cmss/bx/n --> OT1/cmss/m/n on input line 109.
LaTeX Font Info:    Redeclaring math alphabet \mathit on input line 109.
LaTeX Font Info:    Overwriting math alphabet `\mathit' in version `normal'
(Font)                  OT1/cmr/m/it --> OT1/cmss/m/it on input line 109.
LaTeX Font Info:    Overwriting math alphabet `\mathit' in version `bold'
(Font)                  OT1/cmr/bx/it --> OT1/cmss/m/it on input line 109.
LaTeX Font Info:    Redeclaring math alphabet \mathtt on input line 109.
LaTeX Font Info:    Overwriting math alphabet `\mathtt' in version `normal'
(Font)                  OT1/cmtt/m/n --> OT1/cmtt/m/n on input line 109.
LaTeX Font Info:    Overwriting math alphabet `\mathtt' in version `bold'
(Font)                  OT1/cmtt/m/n --> OT1/cmtt/m/n on input line 109.
LaTeX Font Info:    Overwriting symbol font `numbers' in version `bold'
(Font)                  OT1/cmss/m/n --> OT1/cmss/bx/n on input line 109.
LaTeX Font Info:    Overwriting symbol font `pureletters' in version `bold'
(Font)                  OT1/cmss/m/it --> OT1/cmss/bx/it on input line 109.
LaTeX Font Info:    Overwriting math alphabet `\mathrm' in version `bold'
(Font)                  OT1/cmss/bx/n --> OT1/cmr/bx/n on input line 109.
LaTeX Font Info:    Overwriting math alphabet `\mathbf' in version `bold'
(Font)                  OT1/cmss/bx/n --> OT1/cmss/bx/n on input line 109.
LaTeX Font Info:    Overwriting math alphabet `\mathsf' in version `bold'
(Font)                  OT1/cmss/m/n --> OT1/cmss/bx/n on input line 109.
LaTeX Font Info:    Overwriting math alphabet `\mathit' in version `bold'
(Font)                  OT1/cmss/m/it --> OT1/cmss/bx/it on input line 109.
LaTeX Font Info:    Overwriting math alphabet `\mathtt' in version `bold'
(Font)                  OT1/cmtt/m/n --> OT1/cmtt/bx/n on input line 109.
LaTeX Font Info:    Redeclaring symbol font `pureletters' on input line 109.
LaTeX Font Info:    Overwriting symbol font `pureletters' in version `normal'
(Font)                  OT1/cmss/m/it --> OT1/mathkerncmss/m/sl on input line 1
09.
LaTeX Font Info:    Overwriting symbol font `pureletters' in version `bold'
(Font)                  OT1/cmss/bx/it --> OT1/mathkerncmss/m/sl on input line 
109.

("C:\Programmi\MiKTeX 2.9\tex\latex\beamer\base\translator\dicts\translator-bas
ic-dictionary\translator-basic-dictionary-English.dict"
Dictionary: translator-basic-dictionary, Language: English 
)
("C:\Programmi\MiKTeX 2.9\tex\latex\beamer\base\translator\dicts\translator-bib
liography-dictionary\translator-bibliography-dictionary-English.dict"
Dictionary: translator-bibliography-dictionary, Language: English 
)
("C:\Programmi\MiKTeX 2.9\tex\latex\beamer\base\translator\dicts\translator-env
ironment-dictionary\translator-environment-dictionary-English.dict"
Dictionary: translator-environment-dictionary, Language: English 
)
("C:\Programmi\MiKTeX 2.9\tex\latex\beamer\base\translator\dicts\translator-mon
ths-dictionary\translator-months-dictionary-English.dict"
Dictionary: translator-months-dictionary, Language: English 
)
("C:\Programmi\MiKTeX 2.9\tex\latex\beamer\base\translator\dicts\translator-num
bers-dictionary\translator-numbers-dictionary-English.dict"
Dictionary: translator-numbers-dictionary, Language: English 
)
("C:\Programmi\MiKTeX 2.9\tex\latex\beamer\base\translator\dicts\translator-the
orem-dictionary\translator-theorem-dictionary-English.dict"
Dictionary: translator-theorem-dictionary, Language: English 
)
LaTeX Info: Redefining \includegraphics on input line 109.
LaTeX Font Info:    Redeclaring symbol font `operators' on input line 109.
LaTeX Font Info:    Overwriting symbol font `operators' in version `normal'
(Font)                  OT1/cmss/m/n --> OT1/cmr/m/n on input line 109.
LaTeX Font Info:    Overwriting symbol font `operators' in version `bold'
(Font)                  OT1/cmss/bx/n --> OT1/cmr/m/n on input line 109.
LaTeX Font Info:    Overwriting symbol font `operators' in version `bold'
(Font)                  OT1/cmr/m/n --> OT1/cmr/bx/n on input line 109.
LaTeX Font Info:    Redeclaring math alphabet \mathbf on input line 109.
LaTeX Font Info:    Overwriting math alphabet `\mathbf' in version `normal'
(Font)                  OT1/cmss/bx/n --> OT1/cmr/bx/n on input line 109.
LaTeX Font Info:    Overwriting math alphabet `\mathbf' in version `bold'
(Font)                  OT1/cmss/bx/n --> OT1/cmr/bx/n on input line 109.
LaTeX Font Info:    Redeclaring math alphabet \mathsf on input line 109.
LaTeX Font Info:    Overwriting math alphabet `\mathsf' in version `normal'
(Font)                  OT1/cmss/m/n --> OT1/cmss/m/n on input line 109.
LaTeX Font Info:    Overwriting math alphabet `\mathsf' in version `bold'
(Font)                  OT1/cmss/bx/n --> OT1/cmss/m/n on input line 109.
LaTeX Font Info:    Redeclaring math alphabet \mathit on input line 109.
LaTeX Font Info:    Overwriting math alphabet `\mathit' in version `normal'
(Font)                  OT1/cmss/m/it --> OT1/cmr/m/it on input line 109.
LaTeX Font Info:    Overwriting math alphabet `\mathit' in version `bold'
(Font)                  OT1/cmss/bx/it --> OT1/cmr/m/it on input line 109.
LaTeX Font Info:    Redeclaring math alphabet \mathtt on input line 109.
LaTeX Font Info:    Overwriting math alphabet `\mathtt' in version `normal'
(Font)                  OT1/cmtt/m/n --> OT1/cmtt/m/n on input line 109.
LaTeX Font Info:    Overwriting math alphabet `\mathtt' in version `bold'
(Font)                  OT1/cmtt/bx/n --> OT1/cmtt/m/n on input line 109.
LaTeX Font Info:    Overwriting math alphabet `\mathsf' in version `bold'
(Font)                  OT1/cmss/m/n --> OT1/cmss/bx/n on input line 109.
LaTeX Font Info:    Overwriting math alphabet `\mathit' in version `bold'
(Font)                  OT1/cmr/m/it --> OT1/cmr/bx/it on input line 109.

("Z:\ASPETTA\PRESENTAZIONI\SYNCOP 2014\PRESENTAZIONE\Presentazione_SynCoP.nav")
<beamerthemeutresources.pdf, id=29, page=1, 234.73798pt x 45.17155pt>
File: beamerthemeutresources.pdf Graphic file (type pdf)

<use beamerthemeutresources.pdf, page 1>
Package pdftex.def Info: beamerthemeutresources.pdf, page1 used on input line 1
09.
(pdftex.def)             Requested size: 59.1428pt x 11.38109pt.

<beamerthemeutresources.pdf, id=30, page=2, 728.7225pt x 546.04pt>
File: beamerthemeutresources.pdf Graphic file (type pdf)

<use beamerthemeutresources.pdf, page 2>
Package pdftex.def Info: beamerthemeutresources.pdf, page2 used on input line 1
11.
(pdftex.def)             Requested size: 369.88582pt x 277.16028pt.
LaTeX Font Info:    Try loading font information for U+eur on input line 111.

("C:\Programmi\MiKTeX 2.9\tex\latex\amsfonts\ueur.fd"
File: ueur.fd 2009/06/22 v3.00 Euler Roman
)
LaTeX Font Info:    Try loading font information for U+msa on input line 111.

("C:\Programmi\MiKTeX 2.9\tex\latex\amsfonts\umsa.fd"
File: umsa.fd 2009/06/22 v3.00 AMS symbols A
)
LaTeX Font Info:    Try loading font information for U+msb on input line 111.

("C:\Programmi\MiKTeX 2.9\tex\latex\amsfonts\umsb.fd"
File: umsb.fd 2009/06/22 v3.00 AMS symbols B
)
LaTeX Font Info:    Try loading font information for U+euf on input line 111.

("C:\Programmi\MiKTeX 2.9\tex\latex\amsfonts\ueuf.fd"
File: ueuf.fd 2009/06/22 v3.00 Euler Fraktur
)
LaTeX Font Info:    Try loading font information for U+eus on input line 111.

("C:\Programmi\MiKTeX 2.9\tex\latex\amsfonts\ueus.fd"
File: ueus.fd 2009/06/22 v3.00 Euler Script
)
LaTeX Font Info:    Try loading font information for U+euex on input line 111.

("C:\Programmi\MiKTeX 2.9\tex\latex\amsfonts\ueuex.fd"
File: ueuex.fd 2009/06/22 v3.00 Euler extra symbols
)
LaTeX Font Info:    Try loading font information for OT1+mathkerncmss on input 
line 111.

("C:\Programmi\MiKTeX 2.9\tex\latex\sansmathaccent\ot1mathkerncmss.fd"
File: ot1mathkerncmss.fd 2012/04/26
)
[1

{C:/Documents and Settings/All Users/Dati applicazioni/MiKTeX/2.9/pdftex/config
/pdftex.map} <Z:/ASPETTA/PRESENTAZIONI/SYNCOP 2014/PRESENTAZIONE/beamerthemeutr
esources.pdf>]
Overfull \vbox (36.82867pt too high) detected at line 121
 []


LaTeX Font Warning: Font shape `OT1/cmss/m/n' in size <4> not available
(Font)              size <5> substituted on input line 121.

File: beamerthemeutresources.pdf Graphic file (type pdf)
<use beamerthemeutresources.pdf, page 1>
Package pdftex.def Info: beamerthemeutresources.pdf, page1 used on input line 1
21.
(pdftex.def)             Requested size: 59.1428pt x 11.38109pt.
 [2

 <Z:/ASPETTA/PRESENTAZIONI/SYNCOP 2014/PRESENTAZIONE/images/signaling_schematic
.jpg> <Z:/ASPETTA/PRESENTAZIONI/SYNCOP 2014/PRESENTAZIONE/beamerthemeutresource
s.pdf>]
<images/mapk-erk.png, id=59, 889.3225pt x 971.63pt>
File: images/mapk-erk.png Graphic file (type png)
 <use images/mapk-erk.png>
Package pdftex.def Info: images/mapk-erk.png used on input line 123.
(pdftex.def)             Requested size: 249.9992pt x 273.13684pt.

Overfull \vbox (3.99022pt too high) detected at line 123
 []

[3

 <Z:/ASPETTA/PRESENTAZIONI/SYNCOP 2014/PRESENTAZIONE/images/mapk-erk.png>]
Overfull \vbox (48.56938pt too high) detected at line 146
 []

File: beamerthemeutresources.pdf Graphic file (type pdf)
<use beamerthemeutresources.pdf, page 1>
Package pdftex.def Info: beamerthemeutresources.pdf, page1 used on input line 1
46.
(pdftex.def)             Requested size: 59.1428pt x 11.38109pt.
 [4

 <Z:/ASPETTA/PRESENTAZIONI/SYNCOP 2014/PRESENTAZIONE/images/animo_user_interfac
e.pdf>]
Overfull \vbox (89.73651pt too high) detected at line 146
 []

File: beamerthemeutresources.pdf Graphic file (type pdf)
<use beamerthemeutresources.pdf, page 1>
Package pdftex.def Info: beamerthemeutresources.pdf, page1 used on input line 1
46.
(pdftex.def)             Requested size: 59.1428pt x 11.38109pt.
 [5

 <Z:/ASPETTA/PRESENTAZIONI/SYNCOP 2014/PRESENTAZIONE/images/animo_simulation_wo
rkflow.pdf>]
File: beamerthemeutresources.pdf Graphic file (type pdf)

<use beamerthemeutresources.pdf, page 1>
Package pdftex.def Info: beamerthemeutresources.pdf, page1 used on input line 1
46.
(pdftex.def)             Requested size: 59.1428pt x 11.38109pt.
 [6

]
Overfull \vbox (40.19604pt too high) detected at line 155
 []

File: beamerthemeutresources.pdf Graphic file (type pdf)
<use beamerthemeutresources.pdf, page 1>
Package pdftex.def Info: beamerthemeutresources.pdf, page1 used on input line 1
55.
(pdftex.def)             Requested size: 59.1428pt x 11.38109pt.
 [7

 <Z:/ASPETTA/PRESENTAZIONI/SYNCOP 2014/PRESENTAZIONE/images/protein_activity00.
pdf>]
Overfull \vbox (40.19604pt too high) detected at line 155
 []

File: beamerthemeutresources.pdf Graphic file (type pdf)
<use beamerthemeutresources.pdf, page 1>
Package pdftex.def Info: beamerthemeutresources.pdf, page1 used on input line 1
55.
(pdftex.def)             Requested size: 59.1428pt x 11.38109pt.
 [8

 <Z:/ASPETTA/PRESENTAZIONI/SYNCOP 2014/PRESENTAZIONE/images/protein_activity01.
pdf>]
Overfull \vbox (40.19604pt too high) detected at line 155
 []

File: beamerthemeutresources.pdf Graphic file (type pdf)
<use beamerthemeutresources.pdf, page 1>
Package pdftex.def Info: beamerthemeutresources.pdf, page1 used on input line 1
55.
(pdftex.def)             Requested size: 59.1428pt x 11.38109pt.
 [9

 <Z:/ASPETTA/PRESENTAZIONI/SYNCOP 2014/PRESENTAZIONE/images/protein_activity02.
pdf>]
Overfull \vbox (40.19604pt too high) detected at line 155
 []

File: beamerthemeutresources.pdf Graphic file (type pdf)
<use beamerthemeutresources.pdf, page 1>
Package pdftex.def Info: beamerthemeutresources.pdf, page1 used on input line 1
55.
(pdftex.def)             Requested size: 59.1428pt x 11.38109pt.
 [10

 <Z:/ASPETTA/PRESENTAZIONI/SYNCOP 2014/PRESENTAZIONE/images/protein_activity03.
pdf>]
Overfull \vbox (40.19604pt too high) detected at line 155
 []

File: beamerthemeutresources.pdf Graphic file (type pdf)
<use beamerthemeutresources.pdf, page 1>
Package pdftex.def Info: beamerthemeutresources.pdf, page1 used on input line 1
55.
(pdftex.def)             Requested size: 59.1428pt x 11.38109pt.
 [11

 <Z:/ASPETTA/PRESENTAZIONI/SYNCOP 2014/PRESENTAZIONE/images/protein_activity04.
pdf>]
Overfull \vbox (40.19604pt too high) detected at line 155
 []

File: beamerthemeutresources.pdf Graphic file (type pdf)
<use beamerthemeutresources.pdf, page 1>
Package pdftex.def Info: beamerthemeutresources.pdf, page1 used on input line 1
55.
(pdftex.def)             Requested size: 59.1428pt x 11.38109pt.
 [12

]
\graficoHeight=\skip62

<images/starting_activity_graph.jpg, id=225, 1144.275pt x 1003.75pt>
File: images/starting_activity_graph.jpg Graphic file (type jpg)

<use images/starting_activity_graph.jpg>
Package pdftex.def Info: images/starting_activity_graph.jpg used on input line 
171.
(pdftex.def)             Requested size: 114.4342pt x 100.38087pt.
\dialogHeight=\skip63

<images/scenario_parameter_dialog.png, id=226, 437.635pt x 483.8075pt>
File: images/scenario_parameter_dialog.png Graphic file (type png)

<use images/scenario_parameter_dialog.png>
Package pdftex.def Info: images/scenario_parameter_dialog.png used on input lin
e 174.
(pdftex.def)             Requested size: 118.16302pt x 130.62976pt.
File: images/scenario_parameter_dialog.png Graphic file (type png)

<use images/scenario_parameter_dialog.png>
Package pdftex.def Info: images/scenario_parameter_dialog.png used on input lin
e 190.
(pdftex.def)             Requested size: 118.16302pt x 130.62976pt.

<images/parameter_network.jpg, id=227, 4488.77pt x 2991.175pt>
File: images/parameter_network.jpg Graphic file (type jpg)

<use images/parameter_network.jpg>
Package pdftex.def Info: images/parameter_network.jpg used on input line 190.
(pdftex.def)             Requested size: 67.32864pt x 44.86568pt.

<images/parameter_graph.jpg, id=228, 4993.65625pt x 4283.00125pt>
File: images/parameter_graph.jpg Graphic file (type jpg)

<use images/parameter_graph.jpg>
Package pdftex.def Info: images/parameter_graph.jpg used on input line 190.
(pdftex.def)             Requested size: 99.89421pt x 85.67812pt.

Overfull \hbox (38.43718pt too wide) in paragraph at lines 190--190
 [] 
 []


Overfull \vbox (44.3124pt too high) detected at line 190
 []

File: beamerthemeutresources.pdf Graphic file (type pdf)
<use beamerthemeutresources.pdf, page 1>
Package pdftex.def Info: beamerthemeutresources.pdf, page1 used on input line 1
90.
(pdftex.def)             Requested size: 59.1428pt x 11.38109pt.
 [13

 <Z:/ASPETTA/PRESENTAZIONI/SYNCOP 2014/PRESENTAZIONE/images/scenario_parameter_
dialog.png> <Z:/ASPETTA/PRESENTAZIONI/SYNCOP 2014/PRESENTAZIONE/images/paramete
r_network.jpg> <Z:/ASPETTA/PRESENTAZIONI/SYNCOP 2014/PRESENTAZIONE/images/activ
ity_legend.pdf> <Z:/ASPETTA/PRESENTAZIONI/SYNCOP 2014/PRESENTAZIONE/images/para
meter_graph.jpg>]
File: images/scenario_parameter_dialog.png Graphic file (type png)

<use images/scenario_parameter_dialog.png>
Package pdftex.def Info: images/scenario_parameter_dialog.png used on input lin
e 190.
(pdftex.def)             Requested size: 118.16302pt x 130.62976pt.
File: images/parameter_network.jpg Graphic file (type jpg)
 <use images/parameter_network.jpg>
Package pdftex.def Info: images/parameter_network.jpg used on input line 190.
(pdftex.def)             Requested size: 67.32864pt x 44.86568pt.
File: images/parameter_graph.jpg Graphic file (type jpg)

<use images/parameter_graph.jpg>
Package pdftex.def Info: images/parameter_graph.jpg used on input line 190.
(pdftex.def)             Requested size: 99.89421pt x 85.67812pt.

Overfull \hbox (38.43718pt too wide) in paragraph at lines 190--190
 [] 
 []


Overfull \vbox (81.5124pt too high) detected at line 190
 []

File: beamerthemeutresources.pdf Graphic file (type pdf)
<use beamerthemeutresources.pdf, page 1>
Package pdftex.def Info: beamerthemeutresources.pdf, page1 used on input line 1
90.
(pdftex.def)             Requested size: 59.1428pt x 11.38109pt.
 [14

]
<images/interaction_E_S.png, id=256, 722.7pt x 292.09125pt>
File: images/interaction_E_S.png Graphic file (type png)

<use images/interaction_E_S.png>
Package pdftex.def Info: images/interaction_E_S.png used on input line 190.
(pdftex.def)             Requested size: 92.1879pt x 37.25562pt.
File: images/scenario_parameter_dialog.png Graphic file (type png)
 <use images/scenario_parameter_dialog.png>
Package pdftex.def Info: images/scenario_parameter_dialog.png used on input lin
e 190.
(pdftex.def)             Requested size: 118.16302pt x 130.62976pt.
File: images/parameter_network.jpg Graphic file (type jpg)

<use images/parameter_network.jpg>
Package pdftex.def Info: images/parameter_network.jpg used on input line 190.
(pdftex.def)             Requested size: 67.32864pt x 44.86568pt.
File: images/parameter_graph.jpg Graphic file (type jpg)
 <use images/parameter_graph.jpg>
Package pdftex.def Info: images/parameter_graph.jpg used on input line 190.
(pdftex.def)             Requested size: 99.89421pt x 85.67812pt.

Overfull \hbox (38.43718pt too wide) in paragraph at lines 190--190
 [] 
 []


Overfull \vbox (145.70134pt too high) detected at line 190
 []

File: beamerthemeutresources.pdf Graphic file (type pdf)
<use beamerthemeutresources.pdf, page 1>
Package pdftex.def Info: beamerthemeutresources.pdf, page1 used on input line 1
90.
(pdftex.def)             Requested size: 59.1428pt x 11.38109pt.
 [15

 <Z:/ASPETTA/PRESENTAZIONI/SYNCOP 2014/PRESENTAZIONE/images/interaction_E_S.png
 (PNG copy)>]
File: images/scenario_parameter_dialog.png Graphic file (type png)

<use images/scenario_parameter_dialog.png>
Package pdftex.def Info: images/scenario_parameter_dialog.png used on input lin
e 190.
(pdftex.def)             Requested size: 118.16302pt x 130.62976pt.
File: images/parameter_network.jpg Graphic file (type jpg)
 <use images/parameter_network.jpg>
Package pdftex.def Info: images/parameter_network.jpg used on input line 190.
(pdftex.def)             Requested size: 67.32864pt x 44.86568pt.
File: images/parameter_graph.jpg Graphic file (type jpg)

<use images/parameter_graph.jpg>
Package pdftex.def Info: images/parameter_graph.jpg used on input line 190.
(pdftex.def)             Requested size: 99.89421pt x 85.67812pt.

Overfull \hbox (38.43718pt too wide) in paragraph at lines 190--190
 [] 
 []


Overfull \vbox (44.3124pt too high) detected at line 190
 []

File: beamerthemeutresources.pdf Graphic file (type pdf)
<use beamerthemeutresources.pdf, page 1>
Package pdftex.def Info: beamerthemeutresources.pdf, page1 used on input line 1
90.
(pdftex.def)             Requested size: 59.1428pt x 11.38109pt.
 [16

]
File: beamerthemeutresources.pdf Graphic file (type pdf)

<use beamerthemeutresources.pdf, page 1>
Package pdftex.def Info: beamerthemeutresources.pdf, page1 used on input line 1
97.
(pdftex.def)             Requested size: 59.1428pt x 11.38109pt.
 [17

 <Z:/ASPETTA/PRESENTAZIONI/SYNCOP 2014/PRESENTAZIONE/images/Reactant-centered.p
df>]
<images/rete_iniziale.png, id=277, 3170.84625pt x 2160.07pt>
File: images/rete_iniziale.png Graphic file (type png)

<use images/rete_iniziale.png>
Package pdftex.def Info: images/rete_iniziale.png used on input line 210.
(pdftex.def)             Requested size: 276.559pt x 188.3992pt.

Overfull \vbox (45.62474pt too high) detected at line 210
 []

File: beamerthemeutresources.pdf Graphic file (type pdf)
<use beamerthemeutresources.pdf, page 1>
Package pdftex.def Info: beamerthemeutresources.pdf, page1 used on input line 2
10.
(pdftex.def)             Requested size: 59.1428pt x 11.38109pt.
 [18

 <Z:/ASPETTA/PRESENTAZIONI/SYNCOP 2014/PRESENTAZIONE/images/rete_iniziale.png (
PNG copy)>]
<images/rete_con_valori.png, id=283, 3170.84625pt x 2160.07pt>
File: images/rete_con_valori.png Graphic file (type png)

<use images/rete_con_valori.png>
Package pdftex.def Info: images/rete_con_valori.png used on input line 210.
(pdftex.def)             Requested size: 276.559pt x 188.3992pt.

Overfull \vbox (43.49557pt too high) detected at line 210
 []

File: beamerthemeutresources.pdf Graphic file (type pdf)
<use beamerthemeutresources.pdf, page 1>
Package pdftex.def Info: beamerthemeutresources.pdf, page1 used on input line 2
10.
(pdftex.def)             Requested size: 59.1428pt x 11.38109pt.
 [19

 <Z:/ASPETTA/PRESENTAZIONI/SYNCOP 2014/PRESENTAZIONE/images/rete_con_valori.png
 (PNG copy)>]
<images/rete_dinamica.png, id=290, 3170.84625pt x 2160.07pt>
File: images/rete_dinamica.png Graphic file (type png)

<use images/rete_dinamica.png>
Package pdftex.def Info: images/rete_dinamica.png used on input line 210.
(pdftex.def)             Requested size: 276.559pt x 188.3992pt.

Overfull \vbox (47.084pt too high) detected at line 210
 []

File: beamerthemeutresources.pdf Graphic file (type pdf)
<use beamerthemeutresources.pdf, page 1>
Package pdftex.def Info: beamerthemeutresources.pdf, page1 used on input line 2
10.
(pdftex.def)             Requested size: 59.1428pt x 11.38109pt.
 [20

 <Z:/ASPETTA/PRESENTAZIONI/SYNCOP 2014/PRESENTAZIONE/images/rete_dinamica.png (
PNG copy)>]
File: images/rete_dinamica.png Graphic file (type png)

<use images/rete_dinamica.png>
Package pdftex.def Info: images/rete_dinamica.png used on input line 210.
(pdftex.def)             Requested size: 276.559pt x 188.3992pt.

<images/grafico1.png, id=296, 2509.375pt x 1806.75pt>
File: images/grafico1.png Graphic file (type png)

<use images/grafico1.png>
Package pdftex.def Info: images/grafico1.png used on input line 210.
(pdftex.def)             Requested size: 153.64493pt x 110.60582pt.

Overfull \vbox (47.084pt too high) detected at line 210
 []

File: beamerthemeutresources.pdf Graphic file (type pdf)
<use beamerthemeutresources.pdf, page 1>
Package pdftex.def Info: beamerthemeutresources.pdf, page1 used on input line 2
10.
(pdftex.def)             Requested size: 59.1428pt x 11.38109pt.
 [21

 <Z:/ASPETTA/PRESENTAZIONI/SYNCOP 2014/PRESENTAZIONE/images/grafico1.png (PNG c
opy)>]
File: images/rete_dinamica.png Graphic file (type png)

<use images/rete_dinamica.png>
Package pdftex.def Info: images/rete_dinamica.png used on input line 210.
(pdftex.def)             Requested size: 276.559pt x 188.3992pt.
File: images/grafico1.png Graphic file (type png)
 <use images/grafico1.png>
Package pdftex.def Info: images/grafico1.png used on input line 210.
(pdftex.def)             Requested size: 153.64493pt x 110.60582pt.

<images/grafico2.png, id=302, 2509.375pt x 1806.75pt>
File: images/grafico2.png Graphic file (type png)

<use images/grafico2.png>
Package pdftex.def Info: images/grafico2.png used on input line 210.
(pdftex.def)             Requested size: 153.64493pt x 110.60582pt.

Overfull \vbox (48.02097pt too high) detected at line 210
 []

File: beamerthemeutresources.pdf Graphic file (type pdf)
<use beamerthemeutresources.pdf, page 1>
Package pdftex.def Info: beamerthemeutresources.pdf, page1 used on input line 2
10.
(pdftex.def)             Requested size: 59.1428pt x 11.38109pt.
 [22

 <Z:/ASPETTA/PRESENTAZIONI/SYNCOP 2014/PRESENTAZIONE/images/grafico2.png (PNG c
opy)>]
<images/chondrocyteModel.png, id=308, 1522.68875pt x 1054.94125pt>
File: images/chondrocyteModel.png Graphic file (type png)

<use images/chondrocyteModel.png>
Package pdftex.def Info: images/chondrocyteModel.png used on input line 217.
(pdftex.def)             Requested size: 245.83282pt x 170.30717pt.

Overfull \vbox (27.53271pt too high) detected at line 217
 []

File: beamerthemeutresources.pdf Graphic file (type pdf)
<use beamerthemeutresources.pdf, page 1>
Package pdftex.def Info: beamerthemeutresources.pdf, page1 used on input line 2
17.
(pdftex.def)             Requested size: 59.1428pt x 11.38109pt.
 [23

 <Z:/ASPETTA/PRESENTAZIONI/SYNCOP 2014/PRESENTAZIONE/images/chondrocyteModel.pn
g>]
\graphASize=\skip64

<images/feedback_params_graphA.png, id=315, 515.9275pt x 485.815pt>
File: images/feedback_params_graphA.png Graphic file (type png)

<use images/feedback_params_graphA.png>
Package pdftex.def Info: images/feedback_params_graphA.png used on input line 2
21.
(pdftex.def)             Requested size: 67.07292pt x 63.15816pt.
File: images/scenario_parameter_dialog.png Graphic file (type png)

<use images/scenario_parameter_dialog.png>
Package pdftex.def Info: images/scenario_parameter_dialog.png used on input lin
e 232.
(pdftex.def)             Requested size: 131.2915pt x 145.14337pt.

Overfull \vbox (42.97588pt too high) detected at line 232
 []

File: beamerthemeutresources.pdf Graphic file (type pdf)
<use beamerthemeutresources.pdf, page 1>
Package pdftex.def Info: beamerthemeutresources.pdf, page1 used on input line 2
32.
(pdftex.def)             Requested size: 59.1428pt x 11.38109pt.
 [24

]
File: images/feedback_params_graphA.png Graphic file (type png)

<use images/feedback_params_graphA.png>
Package pdftex.def Info: images/feedback_params_graphA.png used on input line 2
32.
(pdftex.def)             Requested size: 67.07292pt x 63.15816pt.

Overfull \hbox (3.91476pt too wide) in paragraph at lines 232--232
[]|[]| 
 []

<images/feedback_params_graphD.png, id=322, 515.9275pt x 485.815pt>
File: images/feedback_params_graphD.png Graphic file (type png)

<use images/feedback_params_graphD.png>
Package pdftex.def Info: images/feedback_params_graphD.png used on input line 2
32.
(pdftex.def)             Requested size: 67.07292pt x 63.15816pt.

Overfull \hbox (3.91476pt too wide) in paragraph at lines 232--232
[]|[]| 
 []


<images/difference_network_d-a_larger.png, id=323, 1068.99374pt x 878.28125pt>
File: images/difference_network_d-a_larger.png Graphic file (type png)

<use images/difference_network_d-a_larger.png>
Package pdftex.def Info: images/difference_network_d-a_larger.png used on input
 line 232.
(pdftex.def)             Requested size: 106.90562pt x 87.83327pt.

Overfull \vbox (62.88728pt too high) detected at line 232
 []

File: beamerthemeutresources.pdf Graphic file (type pdf)
<use beamerthemeutresources.pdf, page 1>
Package pdftex.def Info: beamerthemeutresources.pdf, page1 used on input line 2
32.
(pdftex.def)             Requested size: 59.1428pt x 11.38109pt.
 [25

 <Z:/ASPETTA/PRESENTAZIONI/SYNCOP 2014/PRESENTAZIONE/images/feedback_params_gra
phA.png (PNG copy)> <Z:/ASPETTA/PRESENTAZIONI/SYNCOP 2014/PRESENTAZIONE/images/
feedback_params_graphD.png (PNG copy)> <Z:/ASPETTA/PRESENTAZIONI/SYNCOP 2014/PR
ESENTAZIONE/images/difference_network_d-a_larger.png>]
<images/parameters_results_with_bars.png, id=331, 1142.2675pt x 671.50874pt>
File: images/parameters_results_with_bars.png Graphic file (type png)

<use images/parameters_results_with_bars.png>
Package pdftex.def Info: images/parameters_results_with_bars.png used on input 
line 232.
(pdftex.def)             Requested size: 245.83282pt x 144.51501pt.

Overfull \vbox (40.21835pt too high) detected at line 232
 []

File: beamerthemeutresources.pdf Graphic file (type pdf)
<use beamerthemeutresources.pdf, page 1>
Package pdftex.def Info: beamerthemeutresources.pdf, page1 used on input line 2
32.
(pdftex.def)             Requested size: 59.1428pt x 11.38109pt.
 [26

 <Z:/ASPETTA/PRESENTAZIONI/SYNCOP 2014/PRESENTAZIONE/images/parameters_results_
with_bars.png>]
<images/animo_live_demo.png, id=338, 3101.5875pt x 2624.80624pt>
File: images/animo_live_demo.png Graphic file (type png)

<use images/animo_live_demo.png>
Package pdftex.def Info: images/animo_live_demo.png used on input line 239.
(pdftex.def)             Requested size: 245.83282pt x 208.02628pt.

Overfull \vbox (49.52264pt too high) detected at line 239
 []

File: beamerthemeutresources.pdf Graphic file (type pdf)
<use beamerthemeutresources.pdf, page 1>
Package pdftex.def Info: beamerthemeutresources.pdf, page1 used on input line 2
39.
(pdftex.def)             Requested size: 59.1428pt x 11.38109pt.
 [27

 <Z:/ASPETTA/PRESENTAZIONI/SYNCOP 2014/PRESENTAZIONE/images/animo_live_demo.png
>]
Overfull \vbox (7.04085pt too high) detected at line 277
 []

File: beamerthemeutresources.pdf Graphic file (type pdf)
<use beamerthemeutresources.pdf, page 1>
Package pdftex.def Info: beamerthemeutresources.pdf, page1 used on input line 2
77.
(pdftex.def)             Requested size: 59.1428pt x 11.38109pt.
 [28

]
Overfull \vbox (7.04085pt too high) detected at line 277
 []

File: beamerthemeutresources.pdf Graphic file (type pdf)
<use beamerthemeutresources.pdf, page 1>
Package pdftex.def Info: beamerthemeutresources.pdf, page1 used on input line 2
77.
(pdftex.def)             Requested size: 59.1428pt x 11.38109pt.
 [29

]
Overfull \vbox (7.04085pt too high) detected at line 277
 []

File: beamerthemeutresources.pdf Graphic file (type pdf)
<use beamerthemeutresources.pdf, page 1>
Package pdftex.def Info: beamerthemeutresources.pdf, page1 used on input line 2
77.
(pdftex.def)             Requested size: 59.1428pt x 11.38109pt.
 [30

]
Overfull \vbox (7.04085pt too high) detected at line 277
 []

File: beamerthemeutresources.pdf Graphic file (type pdf)
<use beamerthemeutresources.pdf, page 1>
Package pdftex.def Info: beamerthemeutresources.pdf, page1 used on input line 2
77.
(pdftex.def)             Requested size: 59.1428pt x 11.38109pt.
 [31

]
Overfull \vbox (7.04085pt too high) detected at line 277
 []

File: beamerthemeutresources.pdf Graphic file (type pdf)
<use beamerthemeutresources.pdf, page 1>
Package pdftex.def Info: beamerthemeutresources.pdf, page1 used on input line 2
77.
(pdftex.def)             Requested size: 59.1428pt x 11.38109pt.
 [32

]
File: beamerthemeutresources.pdf Graphic file (type pdf)

<use beamerthemeutresources.pdf, page 1>
Package pdftex.def Info: beamerthemeutresources.pdf, page1 used on input line 2
94.
(pdftex.def)             Requested size: 59.1428pt x 11.38109pt.
 [33

]
File: beamerthemeutresources.pdf Graphic file (type pdf)

<use beamerthemeutresources.pdf, page 1>
Package pdftex.def Info: beamerthemeutresources.pdf, page1 used on input line 2
94.
(pdftex.def)             Requested size: 59.1428pt x 11.38109pt.
 [34

]
File: beamerthemeutresources.pdf Graphic file (type pdf)

<use beamerthemeutresources.pdf, page 1>
Package pdftex.def Info: beamerthemeutresources.pdf, page1 used on input line 2
94.
(pdftex.def)             Requested size: 59.1428pt x 11.38109pt.
 [35

]
<images/large_model_sox9_runx2.png, id=387, 1764.5925pt x 965.6075pt>
File: images/large_model_sox9_runx2.png Graphic file (type png)

<use images/large_model_sox9_runx2.png>
Package pdftex.def Info: images/large_model_sox9_runx2.png used on input line 2
94.
(pdftex.def)             Requested size: 276.559pt x 151.33255pt.

Overfull \vbox (66.1444pt too high) detected at line 294
 []

File: beamerthemeutresources.pdf Graphic file (type pdf)
<use beamerthemeutresources.pdf, page 1>
Package pdftex.def Info: beamerthemeutresources.pdf, page1 used on input line 2
94.
(pdftex.def)             Requested size: 59.1428pt x 11.38109pt.
 [36

 <Z:/ASPETTA/PRESENTAZIONI/SYNCOP 2014/PRESENTAZIONE/images/large_model_sox9_ru
nx2.png>]
File: beamerthemeutresources.pdf Graphic file (type pdf)

<use beamerthemeutresources.pdf, page 1>
Package pdftex.def Info: beamerthemeutresources.pdf, page1 used on input line 2
94.
(pdftex.def)             Requested size: 59.1428pt x 11.38109pt.
 [37

]
Overfull \vbox (34.48457pt too high) detected at line 303
 []

File: beamerthemeutresources.pdf Graphic file (type pdf)
<use beamerthemeutresources.pdf, page 1>
Package pdftex.def Info: beamerthemeutresources.pdf, page1 used on input line 3
03.
(pdftex.def)             Requested size: 59.1428pt x 11.38109pt.
 [38

 <Z:/ASPETTA/PRESENTAZIONI/SYNCOP 2014/PRESENTAZIONE/images/animo_logo.png> <Z:
/ASPETTA/PRESENTAZIONI/SYNCOP 2014/PRESENTAZIONE/images/animo_site_qrcode.png>]
\tf@nav=\write6
\tf@toc=\write7
\tf@snm=\write8
Package atveryend Info: Empty hook `BeforeClearDocument' on input line 305.
Package atveryend Info: Empty hook `AfterLastShipout' on input line 305.

("Z:\ASPETTA\PRESENTAZIONI\SYNCOP 2014\PRESENTAZIONE\Presentazione_SynCoP.aux")
Package atveryend Info: Executing hook `AtVeryEndDocument' on input line 305.
Package atveryend Info: Executing hook `AtEndAfterFileList' on input line 305.
Package rerunfilecheck Info: File `Presentazione_SynCoP.out' has not changed.
(rerunfilecheck)             Checksum: D41D8CD98F00B204E9800998ECF8427E;0.

LaTeX Font Warning: Size substitutions with differences
(Font)              up to 1.0pt have occurred.

Package atveryend Info: Empty hook `AtVeryVeryEnd' on input line 305.
 ) 
Here is how much of TeX's memory you used:
 18194 strings out of 493921
 346315 string characters out of 3148832
 419200 words of memory out of 3000000
 20911 multiletter control sequences out of 15000+200000
 23893 words of font info for 92 fonts, out of 3000000 for 9000
 841 hyphenation exceptions out of 8191
 52i,15n,60p,627b,683s stack positions out of 5000i,500n,10000p,200000b,50000s
<C:/Programmi/MiKTeX 2.9/fonts/type1/public/amsfonts/cm/cmss10.pfb><C:/Progra
mmi/MiKTeX 2.9/fonts/type1/public/amsfonts/cm/cmss12.pfb><C:/Programmi/MiKTeX 2
.9/fonts/type1/public/amsfonts/cm/cmss17.pfb><C:/Programmi/MiKTeX 2.9/fonts/typ
e1/public/amsfonts/cm/cmss8.pfb><C:/Programmi/MiKTeX 2.9/fonts/type1/public/ams
fonts/cm/cmssi10.pfb><C:/Programmi/MiKTeX 2.9/fonts/type1/public/amsfonts/cm/cm
ssi8.pfb><C:/Programmi/MiKTeX 2.9/fonts/type1/public/amsfonts/cm/cmtt12.pfb><C:
/Programmi/MiKTeX 2.9/fonts/type1/public/amsfonts/euler/euex10.pfb><C:/Programm
i/MiKTeX 2.9/fonts/type1/public/amsfonts/euler/eufm10.pfb><C:/Programmi/MiKTeX 
2.9/fonts/type1/public/amsfonts/symbols/msam10.pfb><C:/Programmi/MiKTeX 2.9/fon
ts/type1/public/amsfonts/symbols/msam7.pfb>
Output written on Presentazione_SynCoP.pdf (38 pages, 11987083 bytes).
PDF statistics:
 464 PDF objects out of 1000 (max. 8388607)
 75 named destinations out of 1000 (max. 500000)
 223 words of extra memory for PDF output out of 10000 (max. 10000000)

